main:0  2021-05-08 13:47:02 PM com.yovya.diytomcat.catalina.Server method:logJVM line:com.yovya.diytomcat.catalina.Server.logJVM(Server.java:142)
INFO :Server version:		How2J DiyTomcat/1.0.1
main:3  2021-05-08 13:47:02 PM com.yovya.diytomcat.catalina.Server method:logJVM line:com.yovya.diytomcat.catalina.Server.logJVM(Server.java:142)
INFO :Server built:		2020-04-08 10:20:22
main:3  2021-05-08 13:47:02 PM com.yovya.diytomcat.catalina.Server method:logJVM line:com.yovya.diytomcat.catalina.Server.logJVM(Server.java:142)
INFO :Server number:		1.0.1
main:3  2021-05-08 13:47:02 PM com.yovya.diytomcat.catalina.Server method:logJVM line:com.yovya.diytomcat.catalina.Server.logJVM(Server.java:142)
INFO :OS Name	:		Mac OS X
main:6  2021-05-08 13:47:02 PM com.yovya.diytomcat.catalina.Server method:logJVM line:com.yovya.diytomcat.catalina.Server.logJVM(Server.java:142)
INFO :OS Version:		10.16
main:7  2021-05-08 13:47:02 PM com.yovya.diytomcat.catalina.Server method:logJVM line:com.yovya.diytomcat.catalina.Server.logJVM(Server.java:142)
INFO :Architecture:		x86_64
main:7  2021-05-08 13:47:02 PM com.yovya.diytomcat.catalina.Server method:logJVM line:com.yovya.diytomcat.catalina.Server.logJVM(Server.java:142)
INFO :Java Home:		/Library/Java/JavaVirtualMachines/jdk1.8.0_281.jdk/Contents/Home/jre
main:7  2021-05-08 13:47:02 PM com.yovya.diytomcat.catalina.Server method:logJVM line:com.yovya.diytomcat.catalina.Server.logJVM(Server.java:142)
INFO :JVM Version:		1.8.0_281-b09
main:8  2021-05-08 13:47:02 PM com.yovya.diytomcat.catalina.Server method:logJVM line:com.yovya.diytomcat.catalina.Server.logJVM(Server.java:142)
INFO :JVM Vendor:		Oracle Corporation
main:0  2021-05-08 13:53:39 PM com.yovya.diytomcat.catalina.Server method:logJVM line:com.yovya.diytomcat.catalina.Server.logJVM(Server.java:142)
INFO :Server version:		How2J DiyTomcat/1.0.1
main:2  2021-05-08 13:53:39 PM com.yovya.diytomcat.catalina.Server method:logJVM line:com.yovya.diytomcat.catalina.Server.logJVM(Server.java:142)
INFO :Server built:		2020-04-08 10:20:22
main:3  2021-05-08 13:53:39 PM com.yovya.diytomcat.catalina.Server method:logJVM line:com.yovya.diytomcat.catalina.Server.logJVM(Server.java:142)
INFO :Server number:		1.0.1
main:3  2021-05-08 13:53:39 PM com.yovya.diytomcat.catalina.Server method:logJVM line:com.yovya.diytomcat.catalina.Server.logJVM(Server.java:142)
INFO :OS Name	:		Mac OS X
main:6  2021-05-08 13:53:39 PM com.yovya.diytomcat.catalina.Server method:logJVM line:com.yovya.diytomcat.catalina.Server.logJVM(Server.java:142)
INFO :OS Version:		10.16
main:6  2021-05-08 13:53:39 PM com.yovya.diytomcat.catalina.Server method:logJVM line:com.yovya.diytomcat.catalina.Server.logJVM(Server.java:142)
INFO :Architecture:		x86_64
main:6  2021-05-08 13:53:39 PM com.yovya.diytomcat.catalina.Server method:logJVM line:com.yovya.diytomcat.catalina.Server.logJVM(Server.java:142)
INFO :Java Home:		/Library/Java/JavaVirtualMachines/jdk1.8.0_281.jdk/Contents/Home/jre
main:6  2021-05-08 13:53:39 PM com.yovya.diytomcat.catalina.Server method:logJVM line:com.yovya.diytomcat.catalina.Server.logJVM(Server.java:142)
INFO :JVM Version:		1.8.0_281-b09
main:6  2021-05-08 13:53:39 PM com.yovya.diytomcat.catalina.Server method:logJVM line:com.yovya.diytomcat.catalina.Server.logJVM(Server.java:142)
INFO :JVM Vendor:		Oracle Corporation
main:0  2021-05-08 14:07:14 PM com.yovya.diytomcat.catalina.Server method:logJVM line:com.yovya.diytomcat.catalina.Server.logJVM(Server.java:144)
INFO :Server version:		How2J DiyTomcat/1.0.1
main:2  2021-05-08 14:07:14 PM com.yovya.diytomcat.catalina.Server method:logJVM line:com.yovya.diytomcat.catalina.Server.logJVM(Server.java:144)
INFO :Server built:		2020-04-08 10:20:22
main:2  2021-05-08 14:07:14 PM com.yovya.diytomcat.catalina.Server method:logJVM line:com.yovya.diytomcat.catalina.Server.logJVM(Server.java:144)
INFO :Server number:		1.0.1
main:3  2021-05-08 14:07:14 PM com.yovya.diytomcat.catalina.Server method:logJVM line:com.yovya.diytomcat.catalina.Server.logJVM(Server.java:144)
INFO :OS Name	:		Mac OS X
main:5  2021-05-08 14:07:14 PM com.yovya.diytomcat.catalina.Server method:logJVM line:com.yovya.diytomcat.catalina.Server.logJVM(Server.java:144)
INFO :OS Version:		10.16
main:5  2021-05-08 14:07:14 PM com.yovya.diytomcat.catalina.Server method:logJVM line:com.yovya.diytomcat.catalina.Server.logJVM(Server.java:144)
INFO :Architecture:		x86_64
main:5  2021-05-08 14:07:14 PM com.yovya.diytomcat.catalina.Server method:logJVM line:com.yovya.diytomcat.catalina.Server.logJVM(Server.java:144)
INFO :Java Home:		/Library/Java/JavaVirtualMachines/jdk1.8.0_281.jdk/Contents/Home/jre
main:5  2021-05-08 14:07:14 PM com.yovya.diytomcat.catalina.Server method:logJVM line:com.yovya.diytomcat.catalina.Server.logJVM(Server.java:144)
INFO :JVM Version:		1.8.0_281-b09
main:5  2021-05-08 14:07:14 PM com.yovya.diytomcat.catalina.Server method:logJVM line:com.yovya.diytomcat.catalina.Server.logJVM(Server.java:144)
INFO :JVM Vendor:		Oracle Corporation
main:0  2021-05-08 14:08:47 PM com.yovya.diytomcat.catalina.Server method:logJVM line:com.yovya.diytomcat.catalina.Server.logJVM(Server.java:146)
INFO :Server version:		How2J DiyTomcat/1.0.1
main:2  2021-05-08 14:08:47 PM com.yovya.diytomcat.catalina.Server method:logJVM line:com.yovya.diytomcat.catalina.Server.logJVM(Server.java:146)
INFO :Server built:		2020-04-08 10:20:22
main:3  2021-05-08 14:08:47 PM com.yovya.diytomcat.catalina.Server method:logJVM line:com.yovya.diytomcat.catalina.Server.logJVM(Server.java:146)
INFO :Server number:		1.0.1
main:3  2021-05-08 14:08:47 PM com.yovya.diytomcat.catalina.Server method:logJVM line:com.yovya.diytomcat.catalina.Server.logJVM(Server.java:146)
INFO :OS Name	:		Mac OS X
main:8  2021-05-08 14:08:47 PM com.yovya.diytomcat.catalina.Server method:logJVM line:com.yovya.diytomcat.catalina.Server.logJVM(Server.java:146)
INFO :OS Version:		10.16
main:9  2021-05-08 14:08:47 PM com.yovya.diytomcat.catalina.Server method:logJVM line:com.yovya.diytomcat.catalina.Server.logJVM(Server.java:146)
INFO :Architecture:		x86_64
main:9  2021-05-08 14:08:47 PM com.yovya.diytomcat.catalina.Server method:logJVM line:com.yovya.diytomcat.catalina.Server.logJVM(Server.java:146)
INFO :Java Home:		/Library/Java/JavaVirtualMachines/jdk1.8.0_281.jdk/Contents/Home/jre
main:9  2021-05-08 14:08:47 PM com.yovya.diytomcat.catalina.Server method:logJVM line:com.yovya.diytomcat.catalina.Server.logJVM(Server.java:146)
INFO :JVM Version:		1.8.0_281-b09
main:10  2021-05-08 14:08:47 PM com.yovya.diytomcat.catalina.Server method:logJVM line:com.yovya.diytomcat.catalina.Server.logJVM(Server.java:146)
INFO :JVM Vendor:		Oracle Corporation
main:0  2021-05-08 14:11:06 PM com.yovya.diytomcat.catalina.Server method:logJVM line:com.yovya.diytomcat.catalina.Server.logJVM(Server.java:147)
INFO :Server version:		How2J DiyTomcat/1.0.1
main:2  2021-05-08 14:11:06 PM com.yovya.diytomcat.catalina.Server method:logJVM line:com.yovya.diytomcat.catalina.Server.logJVM(Server.java:147)
INFO :Server built:		2020-04-08 10:20:22
main:2  2021-05-08 14:11:06 PM com.yovya.diytomcat.catalina.Server method:logJVM line:com.yovya.diytomcat.catalina.Server.logJVM(Server.java:147)
INFO :Server number:		1.0.1
main:2  2021-05-08 14:11:06 PM com.yovya.diytomcat.catalina.Server method:logJVM line:com.yovya.diytomcat.catalina.Server.logJVM(Server.java:147)
INFO :OS Name	:		Mac OS X
main:4  2021-05-08 14:11:06 PM com.yovya.diytomcat.catalina.Server method:logJVM line:com.yovya.diytomcat.catalina.Server.logJVM(Server.java:147)
INFO :OS Version:		10.16
main:4  2021-05-08 14:11:06 PM com.yovya.diytomcat.catalina.Server method:logJVM line:com.yovya.diytomcat.catalina.Server.logJVM(Server.java:147)
INFO :Architecture:		x86_64
main:5  2021-05-08 14:11:06 PM com.yovya.diytomcat.catalina.Server method:logJVM line:com.yovya.diytomcat.catalina.Server.logJVM(Server.java:147)
INFO :Java Home:		/Library/Java/JavaVirtualMachines/jdk1.8.0_281.jdk/Contents/Home/jre
main:5  2021-05-08 14:11:06 PM com.yovya.diytomcat.catalina.Server method:logJVM line:com.yovya.diytomcat.catalina.Server.logJVM(Server.java:147)
INFO :JVM Version:		1.8.0_281-b09
main:5  2021-05-08 14:11:06 PM com.yovya.diytomcat.catalina.Server method:logJVM line:com.yovya.diytomcat.catalina.Server.logJVM(Server.java:147)
INFO :JVM Vendor:		Oracle Corporation
main:0  2021-05-08 14:11:42 PM com.yovya.diytomcat.catalina.Server method:logJVM line:com.yovya.diytomcat.catalina.Server.logJVM(Server.java:147)
INFO :Server version:		How2J DiyTomcat/1.0.1
main:2  2021-05-08 14:11:42 PM com.yovya.diytomcat.catalina.Server method:logJVM line:com.yovya.diytomcat.catalina.Server.logJVM(Server.java:147)
INFO :Server built:		2020-04-08 10:20:22
main:2  2021-05-08 14:11:42 PM com.yovya.diytomcat.catalina.Server method:logJVM line:com.yovya.diytomcat.catalina.Server.logJVM(Server.java:147)
INFO :Server number:		1.0.1
main:2  2021-05-08 14:11:42 PM com.yovya.diytomcat.catalina.Server method:logJVM line:com.yovya.diytomcat.catalina.Server.logJVM(Server.java:147)
INFO :OS Name	:		Mac OS X
main:4  2021-05-08 14:11:42 PM com.yovya.diytomcat.catalina.Server method:logJVM line:com.yovya.diytomcat.catalina.Server.logJVM(Server.java:147)
INFO :OS Version:		10.16
main:4  2021-05-08 14:11:42 PM com.yovya.diytomcat.catalina.Server method:logJVM line:com.yovya.diytomcat.catalina.Server.logJVM(Server.java:147)
INFO :Architecture:		x86_64
main:5  2021-05-08 14:11:42 PM com.yovya.diytomcat.catalina.Server method:logJVM line:com.yovya.diytomcat.catalina.Server.logJVM(Server.java:147)
INFO :Java Home:		/Library/Java/JavaVirtualMachines/jdk1.8.0_281.jdk/Contents/Home/jre
main:5  2021-05-08 14:11:42 PM com.yovya.diytomcat.catalina.Server method:logJVM line:com.yovya.diytomcat.catalina.Server.logJVM(Server.java:147)
INFO :JVM Version:		1.8.0_281-b09
main:5  2021-05-08 14:11:42 PM com.yovya.diytomcat.catalina.Server method:logJVM line:com.yovya.diytomcat.catalina.Server.logJVM(Server.java:147)
INFO :JVM Vendor:		Oracle Corporation
main:0  2021-05-08 14:12:38 PM com.yovya.diytomcat.catalina.Server method:logJVM line:com.yovya.diytomcat.catalina.Server.logJVM(Server.java:143)
INFO :Server version:		How2J DiyTomcat/1.0.1
main:2  2021-05-08 14:12:38 PM com.yovya.diytomcat.catalina.Server method:logJVM line:com.yovya.diytomcat.catalina.Server.logJVM(Server.java:143)
INFO :Server built:		2020-04-08 10:20:22
main:3  2021-05-08 14:12:38 PM com.yovya.diytomcat.catalina.Server method:logJVM line:com.yovya.diytomcat.catalina.Server.logJVM(Server.java:143)
INFO :Server number:		1.0.1
main:3  2021-05-08 14:12:38 PM com.yovya.diytomcat.catalina.Server method:logJVM line:com.yovya.diytomcat.catalina.Server.logJVM(Server.java:143)
INFO :OS Name	:		Mac OS X
main:6  2021-05-08 14:12:38 PM com.yovya.diytomcat.catalina.Server method:logJVM line:com.yovya.diytomcat.catalina.Server.logJVM(Server.java:143)
INFO :OS Version:		10.16
main:6  2021-05-08 14:12:38 PM com.yovya.diytomcat.catalina.Server method:logJVM line:com.yovya.diytomcat.catalina.Server.logJVM(Server.java:143)
INFO :Architecture:		x86_64
main:7  2021-05-08 14:12:38 PM com.yovya.diytomcat.catalina.Server method:logJVM line:com.yovya.diytomcat.catalina.Server.logJVM(Server.java:143)
INFO :Java Home:		/Library/Java/JavaVirtualMachines/jdk1.8.0_281.jdk/Contents/Home/jre
main:7  2021-05-08 14:12:38 PM com.yovya.diytomcat.catalina.Server method:logJVM line:com.yovya.diytomcat.catalina.Server.logJVM(Server.java:143)
INFO :JVM Version:		1.8.0_281-b09
main:7  2021-05-08 14:12:38 PM com.yovya.diytomcat.catalina.Server method:logJVM line:com.yovya.diytomcat.catalina.Server.logJVM(Server.java:143)
INFO :JVM Vendor:		Oracle Corporation
main:0  2021-05-08 14:14:29 PM com.yovya.diytomcat.catalina.Server method:logJVM line:com.yovya.diytomcat.catalina.Server.logJVM(Server.java:143)
INFO :Server version:		How2J DiyTomcat/1.0.1
main:2  2021-05-08 14:14:29 PM com.yovya.diytomcat.catalina.Server method:logJVM line:com.yovya.diytomcat.catalina.Server.logJVM(Server.java:143)
INFO :Server built:		2020-04-08 10:20:22
main:2  2021-05-08 14:14:29 PM com.yovya.diytomcat.catalina.Server method:logJVM line:com.yovya.diytomcat.catalina.Server.logJVM(Server.java:143)
INFO :Server number:		1.0.1
main:3  2021-05-08 14:14:29 PM com.yovya.diytomcat.catalina.Server method:logJVM line:com.yovya.diytomcat.catalina.Server.logJVM(Server.java:143)
INFO :OS Name	:		Mac OS X
main:5  2021-05-08 14:14:29 PM com.yovya.diytomcat.catalina.Server method:logJVM line:com.yovya.diytomcat.catalina.Server.logJVM(Server.java:143)
INFO :OS Version:		10.16
main:6  2021-05-08 14:14:29 PM com.yovya.diytomcat.catalina.Server method:logJVM line:com.yovya.diytomcat.catalina.Server.logJVM(Server.java:143)
INFO :Architecture:		x86_64
main:6  2021-05-08 14:14:29 PM com.yovya.diytomcat.catalina.Server method:logJVM line:com.yovya.diytomcat.catalina.Server.logJVM(Server.java:143)
INFO :Java Home:		/Library/Java/JavaVirtualMachines/jdk1.8.0_281.jdk/Contents/Home/jre
main:7  2021-05-08 14:14:29 PM com.yovya.diytomcat.catalina.Server method:logJVM line:com.yovya.diytomcat.catalina.Server.logJVM(Server.java:143)
INFO :JVM Version:		1.8.0_281-b09
main:7  2021-05-08 14:14:29 PM com.yovya.diytomcat.catalina.Server method:logJVM line:com.yovya.diytomcat.catalina.Server.logJVM(Server.java:143)
INFO :JVM Vendor:		Oracle Corporation
main:0  2021-05-08 14:15:06 PM com.yovya.diytomcat.catalina.Server method:logJVM line:com.yovya.diytomcat.catalina.Server.logJVM(Server.java:143)
INFO :Server version:		How2J DiyTomcat/1.0.1
main:2  2021-05-08 14:15:06 PM com.yovya.diytomcat.catalina.Server method:logJVM line:com.yovya.diytomcat.catalina.Server.logJVM(Server.java:143)
INFO :Server built:		2020-04-08 10:20:22
main:3  2021-05-08 14:15:06 PM com.yovya.diytomcat.catalina.Server method:logJVM line:com.yovya.diytomcat.catalina.Server.logJVM(Server.java:143)
INFO :Server number:		1.0.1
main:3  2021-05-08 14:15:06 PM com.yovya.diytomcat.catalina.Server method:logJVM line:com.yovya.diytomcat.catalina.Server.logJVM(Server.java:143)
INFO :OS Name	:		Mac OS X
main:6  2021-05-08 14:15:06 PM com.yovya.diytomcat.catalina.Server method:logJVM line:com.yovya.diytomcat.catalina.Server.logJVM(Server.java:143)
INFO :OS Version:		10.16
main:7  2021-05-08 14:15:06 PM com.yovya.diytomcat.catalina.Server method:logJVM line:com.yovya.diytomcat.catalina.Server.logJVM(Server.java:143)
INFO :Architecture:		x86_64
main:7  2021-05-08 14:15:06 PM com.yovya.diytomcat.catalina.Server method:logJVM line:com.yovya.diytomcat.catalina.Server.logJVM(Server.java:143)
INFO :Java Home:		/Library/Java/JavaVirtualMachines/jdk1.8.0_281.jdk/Contents/Home/jre
main:7  2021-05-08 14:15:06 PM com.yovya.diytomcat.catalina.Server method:logJVM line:com.yovya.diytomcat.catalina.Server.logJVM(Server.java:143)
INFO :JVM Version:		1.8.0_281-b09
main:7  2021-05-08 14:15:06 PM com.yovya.diytomcat.catalina.Server method:logJVM line:com.yovya.diytomcat.catalina.Server.logJVM(Server.java:143)
INFO :JVM Vendor:		Oracle Corporation
main:0  2021-05-08 16:22:19 PM com.yovya.diytomcat.catalina.Server method:logJVM line:com.yovya.diytomcat.catalina.Server.logJVM(Server.java:137)
INFO :Server version:		How2J DiyTomcat/1.0.1
main:3  2021-05-08 16:22:19 PM com.yovya.diytomcat.catalina.Server method:logJVM line:com.yovya.diytomcat.catalina.Server.logJVM(Server.java:137)
INFO :Server built:		2020-04-08 10:20:22
main:3  2021-05-08 16:22:19 PM com.yovya.diytomcat.catalina.Server method:logJVM line:com.yovya.diytomcat.catalina.Server.logJVM(Server.java:137)
INFO :Server number:		1.0.1
main:3  2021-05-08 16:22:19 PM com.yovya.diytomcat.catalina.Server method:logJVM line:com.yovya.diytomcat.catalina.Server.logJVM(Server.java:137)
INFO :OS Name	:		Mac OS X
main:5  2021-05-08 16:22:19 PM com.yovya.diytomcat.catalina.Server method:logJVM line:com.yovya.diytomcat.catalina.Server.logJVM(Server.java:137)
INFO :OS Version:		10.16
main:5  2021-05-08 16:22:19 PM com.yovya.diytomcat.catalina.Server method:logJVM line:com.yovya.diytomcat.catalina.Server.logJVM(Server.java:137)
INFO :Architecture:		x86_64
main:5  2021-05-08 16:22:19 PM com.yovya.diytomcat.catalina.Server method:logJVM line:com.yovya.diytomcat.catalina.Server.logJVM(Server.java:137)
INFO :Java Home:		/Library/Java/JavaVirtualMachines/jdk1.8.0_281.jdk/Contents/Home/jre
main:6  2021-05-08 16:22:19 PM com.yovya.diytomcat.catalina.Server method:logJVM line:com.yovya.diytomcat.catalina.Server.logJVM(Server.java:137)
INFO :JVM Version:		1.8.0_281-b09
main:6  2021-05-08 16:22:19 PM com.yovya.diytomcat.catalina.Server method:logJVM line:com.yovya.diytomcat.catalina.Server.logJVM(Server.java:137)
INFO :JVM Vendor:		Oracle Corporation
