main:0  2021-05-10 20:27:37 PM com.yovya.diytomcat.catalina.Server method:logJVM line:com.yovya.diytomcat.catalina.Server.logJVM(Server.java:169)
INFO :Server version:		How2J DiyTomcat/1.0.1
main:3  2021-05-10 20:27:37 PM com.yovya.diytomcat.catalina.Server method:logJVM line:com.yovya.diytomcat.catalina.Server.logJVM(Server.java:169)
INFO :Server built:		2020-04-08 10:20:22
main:3  2021-05-10 20:27:37 PM com.yovya.diytomcat.catalina.Server method:logJVM line:com.yovya.diytomcat.catalina.Server.logJVM(Server.java:169)
INFO :Server number:		1.0.1
main:3  2021-05-10 20:27:37 PM com.yovya.diytomcat.catalina.Server method:logJVM line:com.yovya.diytomcat.catalina.Server.logJVM(Server.java:169)
INFO :OS Name	:		Mac OS X
main:5  2021-05-10 20:27:37 PM com.yovya.diytomcat.catalina.Server method:logJVM line:com.yovya.diytomcat.catalina.Server.logJVM(Server.java:169)
INFO :OS Version:		10.16
main:6  2021-05-10 20:27:37 PM com.yovya.diytomcat.catalina.Server method:logJVM line:com.yovya.diytomcat.catalina.Server.logJVM(Server.java:169)
INFO :Architecture:		x86_64
main:6  2021-05-10 20:27:37 PM com.yovya.diytomcat.catalina.Server method:logJVM line:com.yovya.diytomcat.catalina.Server.logJVM(Server.java:169)
INFO :Java Home:		/Library/Java/JavaVirtualMachines/jdk1.8.0_281.jdk/Contents/Home/jre
main:6  2021-05-10 20:27:37 PM com.yovya.diytomcat.catalina.Server method:logJVM line:com.yovya.diytomcat.catalina.Server.logJVM(Server.java:169)
INFO :JVM Version:		1.8.0_281-b09
main:6  2021-05-10 20:27:37 PM com.yovya.diytomcat.catalina.Server method:logJVM line:com.yovya.diytomcat.catalina.Server.logJVM(Server.java:169)
INFO :JVM Vendor:		Oracle Corporation
pool-1-thread-2:85235  2021-05-10 20:29:02 PM com.yovya.diytomcat.catalina.Server$1 method:error line:cn.hutool.log.AbstractLog.error(AbstractLog.java:59)
ERROR:
java.lang.NullPointerException
	at com.yovya.diytomcat.catalina.Server$1.run(Server.java:58)
	at java.util.concurrent.ThreadPoolExecutor.runWorker(ThreadPoolExecutor.java:1149)
	at java.util.concurrent.ThreadPoolExecutor$Worker.run(ThreadPoolExecutor.java:624)
	at java.lang.Thread.run(Thread.java:748)
pool-1-thread-3:124681  2021-05-10 20:29:42 PM com.yovya.diytomcat.catalina.Server$1 method:error line:cn.hutool.log.AbstractLog.error(AbstractLog.java:59)
ERROR:
java.lang.NullPointerException
	at com.yovya.diytomcat.catalina.Server$1.run(Server.java:58)
	at java.util.concurrent.ThreadPoolExecutor.runWorker(ThreadPoolExecutor.java:1149)
	at java.util.concurrent.ThreadPoolExecutor$Worker.run(ThreadPoolExecutor.java:624)
	at java.lang.Thread.run(Thread.java:748)
main:0  2021-05-10 20:33:18 PM com.yovya.diytomcat.catalina.Server method:logJVM line:com.yovya.diytomcat.catalina.Server.logJVM(Server.java:169)
INFO :Server version:		How2J DiyTomcat/1.0.1
main:2  2021-05-10 20:33:18 PM com.yovya.diytomcat.catalina.Server method:logJVM line:com.yovya.diytomcat.catalina.Server.logJVM(Server.java:169)
INFO :Server built:		2020-04-08 10:20:22
main:3  2021-05-10 20:33:18 PM com.yovya.diytomcat.catalina.Server method:logJVM line:com.yovya.diytomcat.catalina.Server.logJVM(Server.java:169)
INFO :Server number:		1.0.1
main:3  2021-05-10 20:33:18 PM com.yovya.diytomcat.catalina.Server method:logJVM line:com.yovya.diytomcat.catalina.Server.logJVM(Server.java:169)
INFO :OS Name	:		Mac OS X
main:6  2021-05-10 20:33:18 PM com.yovya.diytomcat.catalina.Server method:logJVM line:com.yovya.diytomcat.catalina.Server.logJVM(Server.java:169)
INFO :OS Version:		10.16
main:6  2021-05-10 20:33:18 PM com.yovya.diytomcat.catalina.Server method:logJVM line:com.yovya.diytomcat.catalina.Server.logJVM(Server.java:169)
INFO :Architecture:		x86_64
main:6  2021-05-10 20:33:18 PM com.yovya.diytomcat.catalina.Server method:logJVM line:com.yovya.diytomcat.catalina.Server.logJVM(Server.java:169)
INFO :Java Home:		/Library/Java/JavaVirtualMachines/jdk1.8.0_281.jdk/Contents/Home/jre
main:6  2021-05-10 20:33:18 PM com.yovya.diytomcat.catalina.Server method:logJVM line:com.yovya.diytomcat.catalina.Server.logJVM(Server.java:169)
INFO :JVM Version:		1.8.0_281-b09
main:7  2021-05-10 20:33:18 PM com.yovya.diytomcat.catalina.Server method:logJVM line:com.yovya.diytomcat.catalina.Server.logJVM(Server.java:169)
INFO :JVM Vendor:		Oracle Corporation
pool-1-thread-1:23546  2021-05-10 20:33:42 PM com.yovya.diytomcat.catalina.Server$1 method:error line:cn.hutool.log.AbstractLog.error(AbstractLog.java:59)
ERROR:
java.lang.NullPointerException
	at com.yovya.diytomcat.catalina.Server$1.run(Server.java:58)
	at java.util.concurrent.ThreadPoolExecutor.runWorker(ThreadPoolExecutor.java:1149)
	at java.util.concurrent.ThreadPoolExecutor$Worker.run(ThreadPoolExecutor.java:624)
	at java.lang.Thread.run(Thread.java:748)
main:0  2021-05-10 20:35:03 PM com.yovya.diytomcat.catalina.Server method:logJVM line:com.yovya.diytomcat.catalina.Server.logJVM(Server.java:169)
INFO :Server version:		How2J DiyTomcat/1.0.1
main:2  2021-05-10 20:35:03 PM com.yovya.diytomcat.catalina.Server method:logJVM line:com.yovya.diytomcat.catalina.Server.logJVM(Server.java:169)
INFO :Server built:		2020-04-08 10:20:22
main:3  2021-05-10 20:35:03 PM com.yovya.diytomcat.catalina.Server method:logJVM line:com.yovya.diytomcat.catalina.Server.logJVM(Server.java:169)
INFO :Server number:		1.0.1
main:3  2021-05-10 20:35:03 PM com.yovya.diytomcat.catalina.Server method:logJVM line:com.yovya.diytomcat.catalina.Server.logJVM(Server.java:169)
INFO :OS Name	:		Mac OS X
main:5  2021-05-10 20:35:03 PM com.yovya.diytomcat.catalina.Server method:logJVM line:com.yovya.diytomcat.catalina.Server.logJVM(Server.java:169)
INFO :OS Version:		10.16
main:5  2021-05-10 20:35:03 PM com.yovya.diytomcat.catalina.Server method:logJVM line:com.yovya.diytomcat.catalina.Server.logJVM(Server.java:169)
INFO :Architecture:		x86_64
main:6  2021-05-10 20:35:03 PM com.yovya.diytomcat.catalina.Server method:logJVM line:com.yovya.diytomcat.catalina.Server.logJVM(Server.java:169)
INFO :Java Home:		/Library/Java/JavaVirtualMachines/jdk1.8.0_281.jdk/Contents/Home/jre
main:6  2021-05-10 20:35:03 PM com.yovya.diytomcat.catalina.Server method:logJVM line:com.yovya.diytomcat.catalina.Server.logJVM(Server.java:169)
INFO :JVM Version:		1.8.0_281-b09
main:6  2021-05-10 20:35:03 PM com.yovya.diytomcat.catalina.Server method:logJVM line:com.yovya.diytomcat.catalina.Server.logJVM(Server.java:169)
INFO :JVM Vendor:		Oracle Corporation
main:0  2021-05-10 20:37:08 PM com.yovya.diytomcat.catalina.Server method:logJVM line:com.yovya.diytomcat.catalina.Server.logJVM(Server.java:169)
INFO :Server version:		How2J DiyTomcat/1.0.1
main:2  2021-05-10 20:37:08 PM com.yovya.diytomcat.catalina.Server method:logJVM line:com.yovya.diytomcat.catalina.Server.logJVM(Server.java:169)
INFO :Server built:		2020-04-08 10:20:22
main:2  2021-05-10 20:37:08 PM com.yovya.diytomcat.catalina.Server method:logJVM line:com.yovya.diytomcat.catalina.Server.logJVM(Server.java:169)
INFO :Server number:		1.0.1
main:2  2021-05-10 20:37:08 PM com.yovya.diytomcat.catalina.Server method:logJVM line:com.yovya.diytomcat.catalina.Server.logJVM(Server.java:169)
INFO :OS Name	:		Mac OS X
main:6  2021-05-10 20:37:08 PM com.yovya.diytomcat.catalina.Server method:logJVM line:com.yovya.diytomcat.catalina.Server.logJVM(Server.java:169)
INFO :OS Version:		10.16
main:7  2021-05-10 20:37:08 PM com.yovya.diytomcat.catalina.Server method:logJVM line:com.yovya.diytomcat.catalina.Server.logJVM(Server.java:169)
INFO :Architecture:		x86_64
main:7  2021-05-10 20:37:08 PM com.yovya.diytomcat.catalina.Server method:logJVM line:com.yovya.diytomcat.catalina.Server.logJVM(Server.java:169)
INFO :Java Home:		/Library/Java/JavaVirtualMachines/jdk1.8.0_281.jdk/Contents/Home/jre
main:8  2021-05-10 20:37:08 PM com.yovya.diytomcat.catalina.Server method:logJVM line:com.yovya.diytomcat.catalina.Server.logJVM(Server.java:169)
INFO :JVM Version:		1.8.0_281-b09
main:8  2021-05-10 20:37:08 PM com.yovya.diytomcat.catalina.Server method:logJVM line:com.yovya.diytomcat.catalina.Server.logJVM(Server.java:169)
INFO :JVM Vendor:		Oracle Corporation
main:0  2021-05-10 20:38:17 PM com.yovya.diytomcat.catalina.Server method:logJVM line:com.yovya.diytomcat.catalina.Server.logJVM(Server.java:169)
INFO :Server version:		How2J DiyTomcat/1.0.1
main:2  2021-05-10 20:38:17 PM com.yovya.diytomcat.catalina.Server method:logJVM line:com.yovya.diytomcat.catalina.Server.logJVM(Server.java:169)
INFO :Server built:		2020-04-08 10:20:22
main:2  2021-05-10 20:38:17 PM com.yovya.diytomcat.catalina.Server method:logJVM line:com.yovya.diytomcat.catalina.Server.logJVM(Server.java:169)
INFO :Server number:		1.0.1
main:2  2021-05-10 20:38:17 PM com.yovya.diytomcat.catalina.Server method:logJVM line:com.yovya.diytomcat.catalina.Server.logJVM(Server.java:169)
INFO :OS Name	:		Mac OS X
main:5  2021-05-10 20:38:17 PM com.yovya.diytomcat.catalina.Server method:logJVM line:com.yovya.diytomcat.catalina.Server.logJVM(Server.java:169)
INFO :OS Version:		10.16
main:5  2021-05-10 20:38:17 PM com.yovya.diytomcat.catalina.Server method:logJVM line:com.yovya.diytomcat.catalina.Server.logJVM(Server.java:169)
INFO :Architecture:		x86_64
main:5  2021-05-10 20:38:17 PM com.yovya.diytomcat.catalina.Server method:logJVM line:com.yovya.diytomcat.catalina.Server.logJVM(Server.java:169)
INFO :Java Home:		/Library/Java/JavaVirtualMachines/jdk1.8.0_281.jdk/Contents/Home/jre
main:5  2021-05-10 20:38:17 PM com.yovya.diytomcat.catalina.Server method:logJVM line:com.yovya.diytomcat.catalina.Server.logJVM(Server.java:169)
INFO :JVM Version:		1.8.0_281-b09
main:6  2021-05-10 20:38:17 PM com.yovya.diytomcat.catalina.Server method:logJVM line:com.yovya.diytomcat.catalina.Server.logJVM(Server.java:169)
INFO :JVM Vendor:		Oracle Corporation
pool-1-thread-2:26935  2021-05-10 20:38:44 PM com.yovya.diytomcat.catalina.Server$1 method:error line:cn.hutool.log.AbstractLog.error(AbstractLog.java:59)
ERROR:
java.lang.NullPointerException
	at com.yovya.diytomcat.catalina.Server$1.run(Server.java:58)
	at java.util.concurrent.ThreadPoolExecutor.runWorker(ThreadPoolExecutor.java:1149)
	at java.util.concurrent.ThreadPoolExecutor$Worker.run(ThreadPoolExecutor.java:624)
	at java.lang.Thread.run(Thread.java:748)
main:0  2021-05-10 20:39:46 PM com.yovya.diytomcat.catalina.Server method:logJVM line:com.yovya.diytomcat.catalina.Server.logJVM(Server.java:169)
INFO :Server version:		How2J DiyTomcat/1.0.1
main:2  2021-05-10 20:39:46 PM com.yovya.diytomcat.catalina.Server method:logJVM line:com.yovya.diytomcat.catalina.Server.logJVM(Server.java:169)
INFO :Server built:		2020-04-08 10:20:22
main:2  2021-05-10 20:39:46 PM com.yovya.diytomcat.catalina.Server method:logJVM line:com.yovya.diytomcat.catalina.Server.logJVM(Server.java:169)
INFO :Server number:		1.0.1
main:3  2021-05-10 20:39:46 PM com.yovya.diytomcat.catalina.Server method:logJVM line:com.yovya.diytomcat.catalina.Server.logJVM(Server.java:169)
INFO :OS Name	:		Mac OS X
main:6  2021-05-10 20:39:46 PM com.yovya.diytomcat.catalina.Server method:logJVM line:com.yovya.diytomcat.catalina.Server.logJVM(Server.java:169)
INFO :OS Version:		10.16
main:6  2021-05-10 20:39:46 PM com.yovya.diytomcat.catalina.Server method:logJVM line:com.yovya.diytomcat.catalina.Server.logJVM(Server.java:169)
INFO :Architecture:		x86_64
main:6  2021-05-10 20:39:46 PM com.yovya.diytomcat.catalina.Server method:logJVM line:com.yovya.diytomcat.catalina.Server.logJVM(Server.java:169)
INFO :Java Home:		/Library/Java/JavaVirtualMachines/jdk1.8.0_281.jdk/Contents/Home/jre
main:6  2021-05-10 20:39:46 PM com.yovya.diytomcat.catalina.Server method:logJVM line:com.yovya.diytomcat.catalina.Server.logJVM(Server.java:169)
INFO :JVM Version:		1.8.0_281-b09
main:7  2021-05-10 20:39:46 PM com.yovya.diytomcat.catalina.Server method:logJVM line:com.yovya.diytomcat.catalina.Server.logJVM(Server.java:169)
INFO :JVM Vendor:		Oracle Corporation
main:0  2021-05-10 20:41:30 PM com.yovya.diytomcat.catalina.Server method:logJVM line:com.yovya.diytomcat.catalina.Server.logJVM(Server.java:169)
INFO :Server version:		How2J DiyTomcat/1.0.1
main:3  2021-05-10 20:41:30 PM com.yovya.diytomcat.catalina.Server method:logJVM line:com.yovya.diytomcat.catalina.Server.logJVM(Server.java:169)
INFO :Server built:		2020-04-08 10:20:22
main:4  2021-05-10 20:41:30 PM com.yovya.diytomcat.catalina.Server method:logJVM line:com.yovya.diytomcat.catalina.Server.logJVM(Server.java:169)
INFO :Server number:		1.0.1
main:4  2021-05-10 20:41:30 PM com.yovya.diytomcat.catalina.Server method:logJVM line:com.yovya.diytomcat.catalina.Server.logJVM(Server.java:169)
INFO :OS Name	:		Mac OS X
main:6  2021-05-10 20:41:30 PM com.yovya.diytomcat.catalina.Server method:logJVM line:com.yovya.diytomcat.catalina.Server.logJVM(Server.java:169)
INFO :OS Version:		10.16
main:7  2021-05-10 20:41:30 PM com.yovya.diytomcat.catalina.Server method:logJVM line:com.yovya.diytomcat.catalina.Server.logJVM(Server.java:169)
INFO :Architecture:		x86_64
main:7  2021-05-10 20:41:30 PM com.yovya.diytomcat.catalina.Server method:logJVM line:com.yovya.diytomcat.catalina.Server.logJVM(Server.java:169)
INFO :Java Home:		/Library/Java/JavaVirtualMachines/jdk1.8.0_281.jdk/Contents/Home/jre
main:7  2021-05-10 20:41:30 PM com.yovya.diytomcat.catalina.Server method:logJVM line:com.yovya.diytomcat.catalina.Server.logJVM(Server.java:169)
INFO :JVM Version:		1.8.0_281-b09
main:8  2021-05-10 20:41:30 PM com.yovya.diytomcat.catalina.Server method:logJVM line:com.yovya.diytomcat.catalina.Server.logJVM(Server.java:169)
INFO :JVM Vendor:		Oracle Corporation
main:1  2021-05-10 20:43:16 PM com.yovya.diytomcat.catalina.Server method:logJVM line:com.yovya.diytomcat.catalina.Server.logJVM(Server.java:169)
INFO :Server version:		How2J DiyTomcat/1.0.1
main:2  2021-05-10 20:43:16 PM com.yovya.diytomcat.catalina.Server method:logJVM line:com.yovya.diytomcat.catalina.Server.logJVM(Server.java:169)
INFO :Server built:		2020-04-08 10:20:22
main:3  2021-05-10 20:43:16 PM com.yovya.diytomcat.catalina.Server method:logJVM line:com.yovya.diytomcat.catalina.Server.logJVM(Server.java:169)
INFO :Server number:		1.0.1
main:3  2021-05-10 20:43:16 PM com.yovya.diytomcat.catalina.Server method:logJVM line:com.yovya.diytomcat.catalina.Server.logJVM(Server.java:169)
INFO :OS Name	:		Mac OS X
main:5  2021-05-10 20:43:16 PM com.yovya.diytomcat.catalina.Server method:logJVM line:com.yovya.diytomcat.catalina.Server.logJVM(Server.java:169)
INFO :OS Version:		10.16
main:5  2021-05-10 20:43:16 PM com.yovya.diytomcat.catalina.Server method:logJVM line:com.yovya.diytomcat.catalina.Server.logJVM(Server.java:169)
INFO :Architecture:		x86_64
main:5  2021-05-10 20:43:16 PM com.yovya.diytomcat.catalina.Server method:logJVM line:com.yovya.diytomcat.catalina.Server.logJVM(Server.java:169)
INFO :Java Home:		/Library/Java/JavaVirtualMachines/jdk1.8.0_281.jdk/Contents/Home/jre
main:6  2021-05-10 20:43:16 PM com.yovya.diytomcat.catalina.Server method:logJVM line:com.yovya.diytomcat.catalina.Server.logJVM(Server.java:169)
INFO :JVM Version:		1.8.0_281-b09
main:6  2021-05-10 20:43:16 PM com.yovya.diytomcat.catalina.Server method:logJVM line:com.yovya.diytomcat.catalina.Server.logJVM(Server.java:169)
INFO :JVM Vendor:		Oracle Corporation
main:0  2021-05-10 20:44:15 PM com.yovya.diytomcat.catalina.Server method:logJVM line:com.yovya.diytomcat.catalina.Server.logJVM(Server.java:169)
INFO :Server version:		How2J DiyTomcat/1.0.1
main:2  2021-05-10 20:44:15 PM com.yovya.diytomcat.catalina.Server method:logJVM line:com.yovya.diytomcat.catalina.Server.logJVM(Server.java:169)
INFO :Server built:		2020-04-08 10:20:22
main:2  2021-05-10 20:44:15 PM com.yovya.diytomcat.catalina.Server method:logJVM line:com.yovya.diytomcat.catalina.Server.logJVM(Server.java:169)
INFO :Server number:		1.0.1
main:2  2021-05-10 20:44:15 PM com.yovya.diytomcat.catalina.Server method:logJVM line:com.yovya.diytomcat.catalina.Server.logJVM(Server.java:169)
INFO :OS Name	:		Mac OS X
main:5  2021-05-10 20:44:15 PM com.yovya.diytomcat.catalina.Server method:logJVM line:com.yovya.diytomcat.catalina.Server.logJVM(Server.java:169)
INFO :OS Version:		10.16
main:6  2021-05-10 20:44:15 PM com.yovya.diytomcat.catalina.Server method:logJVM line:com.yovya.diytomcat.catalina.Server.logJVM(Server.java:169)
INFO :Architecture:		x86_64
main:6  2021-05-10 20:44:15 PM com.yovya.diytomcat.catalina.Server method:logJVM line:com.yovya.diytomcat.catalina.Server.logJVM(Server.java:169)
INFO :Java Home:		/Library/Java/JavaVirtualMachines/jdk1.8.0_281.jdk/Contents/Home/jre
main:6  2021-05-10 20:44:15 PM com.yovya.diytomcat.catalina.Server method:logJVM line:com.yovya.diytomcat.catalina.Server.logJVM(Server.java:169)
INFO :JVM Version:		1.8.0_281-b09
main:6  2021-05-10 20:44:15 PM com.yovya.diytomcat.catalina.Server method:logJVM line:com.yovya.diytomcat.catalina.Server.logJVM(Server.java:169)
INFO :JVM Vendor:		Oracle Corporation
main:0  2021-05-10 20:51:06 PM com.yovya.diytomcat.catalina.Server method:logJVM line:com.yovya.diytomcat.catalina.Server.logJVM(Server.java:169)
INFO :Server version:		How2J DiyTomcat/1.0.1
main:2  2021-05-10 20:51:06 PM com.yovya.diytomcat.catalina.Server method:logJVM line:com.yovya.diytomcat.catalina.Server.logJVM(Server.java:169)
INFO :Server built:		2020-04-08 10:20:22
main:2  2021-05-10 20:51:06 PM com.yovya.diytomcat.catalina.Server method:logJVM line:com.yovya.diytomcat.catalina.Server.logJVM(Server.java:169)
INFO :Server number:		1.0.1
main:3  2021-05-10 20:51:06 PM com.yovya.diytomcat.catalina.Server method:logJVM line:com.yovya.diytomcat.catalina.Server.logJVM(Server.java:169)
INFO :OS Name	:		Mac OS X
main:6  2021-05-10 20:51:06 PM com.yovya.diytomcat.catalina.Server method:logJVM line:com.yovya.diytomcat.catalina.Server.logJVM(Server.java:169)
INFO :OS Version:		10.16
main:6  2021-05-10 20:51:06 PM com.yovya.diytomcat.catalina.Server method:logJVM line:com.yovya.diytomcat.catalina.Server.logJVM(Server.java:169)
INFO :Architecture:		x86_64
main:6  2021-05-10 20:51:06 PM com.yovya.diytomcat.catalina.Server method:logJVM line:com.yovya.diytomcat.catalina.Server.logJVM(Server.java:169)
INFO :Java Home:		/Library/Java/JavaVirtualMachines/jdk1.8.0_281.jdk/Contents/Home/jre
main:6  2021-05-10 20:51:06 PM com.yovya.diytomcat.catalina.Server method:logJVM line:com.yovya.diytomcat.catalina.Server.logJVM(Server.java:169)
INFO :JVM Version:		1.8.0_281-b09
main:6  2021-05-10 20:51:06 PM com.yovya.diytomcat.catalina.Server method:logJVM line:com.yovya.diytomcat.catalina.Server.logJVM(Server.java:169)
INFO :JVM Vendor:		Oracle Corporation
main:0  2021-05-10 20:51:42 PM com.yovya.diytomcat.catalina.Server method:logJVM line:com.yovya.diytomcat.catalina.Server.logJVM(Server.java:169)
INFO :Server version:		How2J DiyTomcat/1.0.1
main:3  2021-05-10 20:51:42 PM com.yovya.diytomcat.catalina.Server method:logJVM line:com.yovya.diytomcat.catalina.Server.logJVM(Server.java:169)
INFO :Server built:		2020-04-08 10:20:22
main:3  2021-05-10 20:51:42 PM com.yovya.diytomcat.catalina.Server method:logJVM line:com.yovya.diytomcat.catalina.Server.logJVM(Server.java:169)
INFO :Server number:		1.0.1
main:3  2021-05-10 20:51:42 PM com.yovya.diytomcat.catalina.Server method:logJVM line:com.yovya.diytomcat.catalina.Server.logJVM(Server.java:169)
INFO :OS Name	:		Mac OS X
main:8  2021-05-10 20:51:42 PM com.yovya.diytomcat.catalina.Server method:logJVM line:com.yovya.diytomcat.catalina.Server.logJVM(Server.java:169)
INFO :OS Version:		10.16
main:8  2021-05-10 20:51:42 PM com.yovya.diytomcat.catalina.Server method:logJVM line:com.yovya.diytomcat.catalina.Server.logJVM(Server.java:169)
INFO :Architecture:		x86_64
main:8  2021-05-10 20:51:42 PM com.yovya.diytomcat.catalina.Server method:logJVM line:com.yovya.diytomcat.catalina.Server.logJVM(Server.java:169)
INFO :Java Home:		/Library/Java/JavaVirtualMachines/jdk1.8.0_281.jdk/Contents/Home/jre
main:8  2021-05-10 20:51:42 PM com.yovya.diytomcat.catalina.Server method:logJVM line:com.yovya.diytomcat.catalina.Server.logJVM(Server.java:169)
INFO :JVM Version:		1.8.0_281-b09
main:9  2021-05-10 20:51:42 PM com.yovya.diytomcat.catalina.Server method:logJVM line:com.yovya.diytomcat.catalina.Server.logJVM(Server.java:169)
INFO :JVM Vendor:		Oracle Corporation
main:0  2021-05-10 20:56:20 PM com.yovya.diytomcat.catalina.Server method:logJVM line:com.yovya.diytomcat.catalina.Server.logJVM(Server.java:169)
INFO :Server version:		How2J DiyTomcat/1.0.1
main:2  2021-05-10 20:56:20 PM com.yovya.diytomcat.catalina.Server method:logJVM line:com.yovya.diytomcat.catalina.Server.logJVM(Server.java:169)
INFO :Server built:		2020-04-08 10:20:22
main:2  2021-05-10 20:56:20 PM com.yovya.diytomcat.catalina.Server method:logJVM line:com.yovya.diytomcat.catalina.Server.logJVM(Server.java:169)
INFO :Server number:		1.0.1
main:3  2021-05-10 20:56:20 PM com.yovya.diytomcat.catalina.Server method:logJVM line:com.yovya.diytomcat.catalina.Server.logJVM(Server.java:169)
INFO :OS Name	:		Mac OS X
main:5  2021-05-10 20:56:20 PM com.yovya.diytomcat.catalina.Server method:logJVM line:com.yovya.diytomcat.catalina.Server.logJVM(Server.java:169)
INFO :OS Version:		10.16
main:5  2021-05-10 20:56:20 PM com.yovya.diytomcat.catalina.Server method:logJVM line:com.yovya.diytomcat.catalina.Server.logJVM(Server.java:169)
INFO :Architecture:		x86_64
main:6  2021-05-10 20:56:20 PM com.yovya.diytomcat.catalina.Server method:logJVM line:com.yovya.diytomcat.catalina.Server.logJVM(Server.java:169)
INFO :Java Home:		/Library/Java/JavaVirtualMachines/jdk1.8.0_281.jdk/Contents/Home/jre
main:6  2021-05-10 20:56:20 PM com.yovya.diytomcat.catalina.Server method:logJVM line:com.yovya.diytomcat.catalina.Server.logJVM(Server.java:169)
INFO :JVM Version:		1.8.0_281-b09
main:6  2021-05-10 20:56:20 PM com.yovya.diytomcat.catalina.Server method:logJVM line:com.yovya.diytomcat.catalina.Server.logJVM(Server.java:169)
INFO :JVM Vendor:		Oracle Corporation
pool-1-thread-2:28093  2021-05-10 20:56:48 PM com.yovya.diytomcat.catalina.Server$1 method:error line:cn.hutool.log.AbstractLog.error(AbstractLog.java:59)
ERROR:
java.lang.NullPointerException
	at com.yovya.diytomcat.catalina.Server$1.run(Server.java:58)
	at java.util.concurrent.ThreadPoolExecutor.runWorker(ThreadPoolExecutor.java:1149)
	at java.util.concurrent.ThreadPoolExecutor$Worker.run(ThreadPoolExecutor.java:624)
	at java.lang.Thread.run(Thread.java:748)
pool-1-thread-5:28137  2021-05-10 20:56:48 PM com.yovya.diytomcat.catalina.Server$1 method:error line:cn.hutool.log.AbstractLog.error(AbstractLog.java:59)
ERROR:
java.lang.NullPointerException
	at com.yovya.diytomcat.catalina.Server$1.run(Server.java:58)
	at java.util.concurrent.ThreadPoolExecutor.runWorker(ThreadPoolExecutor.java:1149)
	at java.util.concurrent.ThreadPoolExecutor$Worker.run(ThreadPoolExecutor.java:624)
	at java.lang.Thread.run(Thread.java:748)
pool-1-thread-4:28134  2021-05-10 20:56:48 PM com.yovya.diytomcat.catalina.Server$1 method:error line:cn.hutool.log.AbstractLog.error(AbstractLog.java:59)
ERROR:
java.lang.NullPointerException
	at com.yovya.diytomcat.catalina.Server$1.run(Server.java:58)
	at java.util.concurrent.ThreadPoolExecutor.runWorker(ThreadPoolExecutor.java:1149)
	at java.util.concurrent.ThreadPoolExecutor$Worker.run(ThreadPoolExecutor.java:624)
	at java.lang.Thread.run(Thread.java:748)
pool-1-thread-3:28134  2021-05-10 20:56:48 PM com.yovya.diytomcat.catalina.Server$1 method:error line:cn.hutool.log.AbstractLog.error(AbstractLog.java:59)
ERROR:
java.lang.NullPointerException
	at com.yovya.diytomcat.catalina.Server$1.run(Server.java:58)
	at java.util.concurrent.ThreadPoolExecutor.runWorker(ThreadPoolExecutor.java:1149)
	at java.util.concurrent.ThreadPoolExecutor$Worker.run(ThreadPoolExecutor.java:624)
	at java.lang.Thread.run(Thread.java:748)
main:0  2021-05-10 20:58:27 PM com.yovya.diytomcat.catalina.Server method:logJVM line:com.yovya.diytomcat.catalina.Server.logJVM(Server.java:169)
INFO :Server version:		How2J DiyTomcat/1.0.1
main:2  2021-05-10 20:58:27 PM com.yovya.diytomcat.catalina.Server method:logJVM line:com.yovya.diytomcat.catalina.Server.logJVM(Server.java:169)
INFO :Server built:		2020-04-08 10:20:22
main:2  2021-05-10 20:58:27 PM com.yovya.diytomcat.catalina.Server method:logJVM line:com.yovya.diytomcat.catalina.Server.logJVM(Server.java:169)
INFO :Server number:		1.0.1
main:3  2021-05-10 20:58:27 PM com.yovya.diytomcat.catalina.Server method:logJVM line:com.yovya.diytomcat.catalina.Server.logJVM(Server.java:169)
INFO :OS Name	:		Mac OS X
main:7  2021-05-10 20:58:27 PM com.yovya.diytomcat.catalina.Server method:logJVM line:com.yovya.diytomcat.catalina.Server.logJVM(Server.java:169)
INFO :OS Version:		10.16
main:7  2021-05-10 20:58:27 PM com.yovya.diytomcat.catalina.Server method:logJVM line:com.yovya.diytomcat.catalina.Server.logJVM(Server.java:169)
INFO :Architecture:		x86_64
main:7  2021-05-10 20:58:27 PM com.yovya.diytomcat.catalina.Server method:logJVM line:com.yovya.diytomcat.catalina.Server.logJVM(Server.java:169)
INFO :Java Home:		/Library/Java/JavaVirtualMachines/jdk1.8.0_281.jdk/Contents/Home/jre
main:7  2021-05-10 20:58:27 PM com.yovya.diytomcat.catalina.Server method:logJVM line:com.yovya.diytomcat.catalina.Server.logJVM(Server.java:169)
INFO :JVM Version:		1.8.0_281-b09
main:8  2021-05-10 20:58:27 PM com.yovya.diytomcat.catalina.Server method:logJVM line:com.yovya.diytomcat.catalina.Server.logJVM(Server.java:169)
INFO :JVM Vendor:		Oracle Corporation
pool-1-thread-1:73915  2021-05-10 20:59:41 PM com.yovya.diytomcat.catalina.Server$1 method:error line:cn.hutool.log.AbstractLog.error(AbstractLog.java:59)
ERROR:
java.lang.NullPointerException
	at com.yovya.diytomcat.catalina.Server$1.run(Server.java:58)
	at java.util.concurrent.ThreadPoolExecutor.runWorker(ThreadPoolExecutor.java:1149)
	at java.util.concurrent.ThreadPoolExecutor$Worker.run(ThreadPoolExecutor.java:624)
	at java.lang.Thread.run(Thread.java:748)
main:0  2021-05-10 20:59:43 PM com.yovya.diytomcat.catalina.Server method:logJVM line:com.yovya.diytomcat.catalina.Server.logJVM(Server.java:169)
INFO :Server version:		How2J DiyTomcat/1.0.1
main:2  2021-05-10 20:59:43 PM com.yovya.diytomcat.catalina.Server method:logJVM line:com.yovya.diytomcat.catalina.Server.logJVM(Server.java:169)
INFO :Server built:		2020-04-08 10:20:22
main:2  2021-05-10 20:59:43 PM com.yovya.diytomcat.catalina.Server method:logJVM line:com.yovya.diytomcat.catalina.Server.logJVM(Server.java:169)
INFO :Server number:		1.0.1
main:3  2021-05-10 20:59:43 PM com.yovya.diytomcat.catalina.Server method:logJVM line:com.yovya.diytomcat.catalina.Server.logJVM(Server.java:169)
INFO :OS Name	:		Mac OS X
main:6  2021-05-10 20:59:43 PM com.yovya.diytomcat.catalina.Server method:logJVM line:com.yovya.diytomcat.catalina.Server.logJVM(Server.java:169)
INFO :OS Version:		10.16
main:7  2021-05-10 20:59:43 PM com.yovya.diytomcat.catalina.Server method:logJVM line:com.yovya.diytomcat.catalina.Server.logJVM(Server.java:169)
INFO :Architecture:		x86_64
main:7  2021-05-10 20:59:43 PM com.yovya.diytomcat.catalina.Server method:logJVM line:com.yovya.diytomcat.catalina.Server.logJVM(Server.java:169)
INFO :Java Home:		/Library/Java/JavaVirtualMachines/jdk1.8.0_281.jdk/Contents/Home/jre
main:7  2021-05-10 20:59:43 PM com.yovya.diytomcat.catalina.Server method:logJVM line:com.yovya.diytomcat.catalina.Server.logJVM(Server.java:169)
INFO :JVM Version:		1.8.0_281-b09
main:8  2021-05-10 20:59:43 PM com.yovya.diytomcat.catalina.Server method:logJVM line:com.yovya.diytomcat.catalina.Server.logJVM(Server.java:169)
INFO :JVM Vendor:		Oracle Corporation
pool-1-thread-1:25924  2021-05-10 21:00:08 PM com.yovya.diytomcat.catalina.Server$1 method:error line:cn.hutool.log.AbstractLog.error(AbstractLog.java:59)
ERROR:
java.lang.NullPointerException
	at com.yovya.diytomcat.catalina.Server$1.run(Server.java:58)
	at java.util.concurrent.ThreadPoolExecutor.runWorker(ThreadPoolExecutor.java:1149)
	at java.util.concurrent.ThreadPoolExecutor$Worker.run(ThreadPoolExecutor.java:624)
	at java.lang.Thread.run(Thread.java:748)
main:1  2021-05-10 21:00:59 PM com.yovya.diytomcat.catalina.Server method:logJVM line:com.yovya.diytomcat.catalina.Server.logJVM(Server.java:169)
INFO :Server version:		How2J DiyTomcat/1.0.1
main:5  2021-05-10 21:00:59 PM com.yovya.diytomcat.catalina.Server method:logJVM line:com.yovya.diytomcat.catalina.Server.logJVM(Server.java:169)
INFO :Server built:		2020-04-08 10:20:22
main:6  2021-05-10 21:00:59 PM com.yovya.diytomcat.catalina.Server method:logJVM line:com.yovya.diytomcat.catalina.Server.logJVM(Server.java:169)
INFO :Server number:		1.0.1
main:6  2021-05-10 21:00:59 PM com.yovya.diytomcat.catalina.Server method:logJVM line:com.yovya.diytomcat.catalina.Server.logJVM(Server.java:169)
INFO :OS Name	:		Mac OS X
main:11  2021-05-10 21:00:59 PM com.yovya.diytomcat.catalina.Server method:logJVM line:com.yovya.diytomcat.catalina.Server.logJVM(Server.java:169)
INFO :OS Version:		10.16
main:13  2021-05-10 21:00:59 PM com.yovya.diytomcat.catalina.Server method:logJVM line:com.yovya.diytomcat.catalina.Server.logJVM(Server.java:169)
INFO :Architecture:		x86_64
main:13  2021-05-10 21:00:59 PM com.yovya.diytomcat.catalina.Server method:logJVM line:com.yovya.diytomcat.catalina.Server.logJVM(Server.java:169)
INFO :Java Home:		/Library/Java/JavaVirtualMachines/jdk1.8.0_281.jdk/Contents/Home/jre
main:14  2021-05-10 21:00:59 PM com.yovya.diytomcat.catalina.Server method:logJVM line:com.yovya.diytomcat.catalina.Server.logJVM(Server.java:169)
INFO :JVM Version:		1.8.0_281-b09
main:14  2021-05-10 21:00:59 PM com.yovya.diytomcat.catalina.Server method:logJVM line:com.yovya.diytomcat.catalina.Server.logJVM(Server.java:169)
INFO :JVM Vendor:		Oracle Corporation
main:0  2021-05-10 21:05:00 PM com.yovya.diytomcat.catalina.Server method:logJVM line:com.yovya.diytomcat.catalina.Server.logJVM(Server.java:169)
INFO :Server version:		How2J DiyTomcat/1.0.1
main:2  2021-05-10 21:05:00 PM com.yovya.diytomcat.catalina.Server method:logJVM line:com.yovya.diytomcat.catalina.Server.logJVM(Server.java:169)
INFO :Server built:		2020-04-08 10:20:22
main:2  2021-05-10 21:05:00 PM com.yovya.diytomcat.catalina.Server method:logJVM line:com.yovya.diytomcat.catalina.Server.logJVM(Server.java:169)
INFO :Server number:		1.0.1
main:3  2021-05-10 21:05:00 PM com.yovya.diytomcat.catalina.Server method:logJVM line:com.yovya.diytomcat.catalina.Server.logJVM(Server.java:169)
INFO :OS Name	:		Mac OS X
main:5  2021-05-10 21:05:00 PM com.yovya.diytomcat.catalina.Server method:logJVM line:com.yovya.diytomcat.catalina.Server.logJVM(Server.java:169)
INFO :OS Version:		10.16
main:5  2021-05-10 21:05:00 PM com.yovya.diytomcat.catalina.Server method:logJVM line:com.yovya.diytomcat.catalina.Server.logJVM(Server.java:169)
INFO :Architecture:		x86_64
main:6  2021-05-10 21:05:00 PM com.yovya.diytomcat.catalina.Server method:logJVM line:com.yovya.diytomcat.catalina.Server.logJVM(Server.java:169)
INFO :Java Home:		/Library/Java/JavaVirtualMachines/jdk1.8.0_281.jdk/Contents/Home/jre
main:6  2021-05-10 21:05:00 PM com.yovya.diytomcat.catalina.Server method:logJVM line:com.yovya.diytomcat.catalina.Server.logJVM(Server.java:169)
INFO :JVM Version:		1.8.0_281-b09
main:6  2021-05-10 21:05:00 PM com.yovya.diytomcat.catalina.Server method:logJVM line:com.yovya.diytomcat.catalina.Server.logJVM(Server.java:169)
INFO :JVM Vendor:		Oracle Corporation
