main:0  2021-04-30 23:18:27 PM com.yovya.diytomcat.Bootstrap method:logJVM line:com.yovya.diytomcat.Bootstrap.logJVM(Bootstrap.java:132)
INFO :Server version:		How2J DiyTomcat/1.0.1
main:3  2021-04-30 23:18:27 PM com.yovya.diytomcat.Bootstrap method:logJVM line:com.yovya.diytomcat.Bootstrap.logJVM(Bootstrap.java:132)
INFO :Server built:		2020-04-08 10:20:22
main:4  2021-04-30 23:18:27 PM com.yovya.diytomcat.Bootstrap method:logJVM line:com.yovya.diytomcat.Bootstrap.logJVM(Bootstrap.java:132)
INFO :Server number:		1.0.1
main:4  2021-04-30 23:18:27 PM com.yovya.diytomcat.Bootstrap method:logJVM line:com.yovya.diytomcat.Bootstrap.logJVM(Bootstrap.java:132)
INFO :OS Name	:		Mac OS X
main:4  2021-04-30 23:18:27 PM com.yovya.diytomcat.Bootstrap method:logJVM line:com.yovya.diytomcat.Bootstrap.logJVM(Bootstrap.java:132)
INFO :OS Version:		10.16
main:5  2021-04-30 23:18:27 PM com.yovya.diytomcat.Bootstrap method:logJVM line:com.yovya.diytomcat.Bootstrap.logJVM(Bootstrap.java:132)
INFO :Architecture:		x86_64
main:8  2021-04-30 23:18:27 PM com.yovya.diytomcat.Bootstrap method:logJVM line:com.yovya.diytomcat.Bootstrap.logJVM(Bootstrap.java:132)
INFO :Java Home:		/Library/Java/JavaVirtualMachines/jdk1.8.0_281.jdk/Contents/Home/jre
main:8  2021-04-30 23:18:27 PM com.yovya.diytomcat.Bootstrap method:logJVM line:com.yovya.diytomcat.Bootstrap.logJVM(Bootstrap.java:132)
INFO :JVM Version:		1.8.0_281-b09
main:8  2021-04-30 23:18:27 PM com.yovya.diytomcat.Bootstrap method:logJVM line:com.yovya.diytomcat.Bootstrap.logJVM(Bootstrap.java:132)
INFO :JVM Vendor:		Oracle Corporation
pool-1-thread-1:18259  2021-04-30 23:18:45 PM com.yovya.diytomcat.Bootstrap$1 method:error line:cn.hutool.log.AbstractLog.error(AbstractLog.java:59)
ERROR:
java.lang.NullPointerException
	at com.yovya.diytomcat.Bootstrap$1.run(Bootstrap.java:54)
	at java.util.concurrent.ThreadPoolExecutor.runWorker(ThreadPoolExecutor.java:1149)
	at java.util.concurrent.ThreadPoolExecutor$Worker.run(ThreadPoolExecutor.java:624)
	at java.lang.Thread.run(Thread.java:748)
main:0  2021-04-30 23:21:04 PM com.yovya.diytomcat.Bootstrap method:logJVM line:com.yovya.diytomcat.Bootstrap.logJVM(Bootstrap.java:132)
INFO :Server version:		How2J DiyTomcat/1.0.1
main:4  2021-04-30 23:21:04 PM com.yovya.diytomcat.Bootstrap method:logJVM line:com.yovya.diytomcat.Bootstrap.logJVM(Bootstrap.java:132)
INFO :Server built:		2020-04-08 10:20:22
main:4  2021-04-30 23:21:04 PM com.yovya.diytomcat.Bootstrap method:logJVM line:com.yovya.diytomcat.Bootstrap.logJVM(Bootstrap.java:132)
INFO :Server number:		1.0.1
main:5  2021-04-30 23:21:04 PM com.yovya.diytomcat.Bootstrap method:logJVM line:com.yovya.diytomcat.Bootstrap.logJVM(Bootstrap.java:132)
INFO :OS Name	:		Mac OS X
main:5  2021-04-30 23:21:04 PM com.yovya.diytomcat.Bootstrap method:logJVM line:com.yovya.diytomcat.Bootstrap.logJVM(Bootstrap.java:132)
INFO :OS Version:		10.16
main:5  2021-04-30 23:21:04 PM com.yovya.diytomcat.Bootstrap method:logJVM line:com.yovya.diytomcat.Bootstrap.logJVM(Bootstrap.java:132)
INFO :Architecture:		x86_64
main:9  2021-04-30 23:21:04 PM com.yovya.diytomcat.Bootstrap method:logJVM line:com.yovya.diytomcat.Bootstrap.logJVM(Bootstrap.java:132)
INFO :Java Home:		/Library/Java/JavaVirtualMachines/jdk1.8.0_281.jdk/Contents/Home/jre
main:9  2021-04-30 23:21:04 PM com.yovya.diytomcat.Bootstrap method:logJVM line:com.yovya.diytomcat.Bootstrap.logJVM(Bootstrap.java:132)
INFO :JVM Version:		1.8.0_281-b09
main:10  2021-04-30 23:21:04 PM com.yovya.diytomcat.Bootstrap method:logJVM line:com.yovya.diytomcat.Bootstrap.logJVM(Bootstrap.java:132)
INFO :JVM Vendor:		Oracle Corporation
main:1  2021-04-30 23:21:35 PM com.yovya.diytomcat.Bootstrap method:logJVM line:com.yovya.diytomcat.Bootstrap.logJVM(Bootstrap.java:132)
INFO :Server version:		How2J DiyTomcat/1.0.1
main:8  2021-04-30 23:21:35 PM com.yovya.diytomcat.Bootstrap method:logJVM line:com.yovya.diytomcat.Bootstrap.logJVM(Bootstrap.java:132)
INFO :Server built:		2020-04-08 10:20:22
main:8  2021-04-30 23:21:35 PM com.yovya.diytomcat.Bootstrap method:logJVM line:com.yovya.diytomcat.Bootstrap.logJVM(Bootstrap.java:132)
INFO :Server number:		1.0.1
main:8  2021-04-30 23:21:35 PM com.yovya.diytomcat.Bootstrap method:logJVM line:com.yovya.diytomcat.Bootstrap.logJVM(Bootstrap.java:132)
INFO :OS Name	:		Mac OS X
main:9  2021-04-30 23:21:35 PM com.yovya.diytomcat.Bootstrap method:logJVM line:com.yovya.diytomcat.Bootstrap.logJVM(Bootstrap.java:132)
INFO :OS Version:		10.16
main:9  2021-04-30 23:21:35 PM com.yovya.diytomcat.Bootstrap method:logJVM line:com.yovya.diytomcat.Bootstrap.logJVM(Bootstrap.java:132)
INFO :Architecture:		x86_64
main:13  2021-04-30 23:21:35 PM com.yovya.diytomcat.Bootstrap method:logJVM line:com.yovya.diytomcat.Bootstrap.logJVM(Bootstrap.java:132)
INFO :Java Home:		/Library/Java/JavaVirtualMachines/jdk1.8.0_281.jdk/Contents/Home/jre
main:13  2021-04-30 23:21:35 PM com.yovya.diytomcat.Bootstrap method:logJVM line:com.yovya.diytomcat.Bootstrap.logJVM(Bootstrap.java:132)
INFO :JVM Version:		1.8.0_281-b09
main:13  2021-04-30 23:21:35 PM com.yovya.diytomcat.Bootstrap method:logJVM line:com.yovya.diytomcat.Bootstrap.logJVM(Bootstrap.java:132)
INFO :JVM Vendor:		Oracle Corporation
main:0  2021-04-30 23:25:39 PM com.yovya.diytomcat.Bootstrap method:logJVM line:com.yovya.diytomcat.Bootstrap.logJVM(Bootstrap.java:133)
INFO :Server version:		How2J DiyTomcat/1.0.1
main:3  2021-04-30 23:25:39 PM com.yovya.diytomcat.Bootstrap method:logJVM line:com.yovya.diytomcat.Bootstrap.logJVM(Bootstrap.java:133)
INFO :Server built:		2020-04-08 10:20:22
main:4  2021-04-30 23:25:39 PM com.yovya.diytomcat.Bootstrap method:logJVM line:com.yovya.diytomcat.Bootstrap.logJVM(Bootstrap.java:133)
INFO :Server number:		1.0.1
main:4  2021-04-30 23:25:39 PM com.yovya.diytomcat.Bootstrap method:logJVM line:com.yovya.diytomcat.Bootstrap.logJVM(Bootstrap.java:133)
INFO :OS Name	:		Mac OS X
main:5  2021-04-30 23:25:39 PM com.yovya.diytomcat.Bootstrap method:logJVM line:com.yovya.diytomcat.Bootstrap.logJVM(Bootstrap.java:133)
INFO :OS Version:		10.16
main:5  2021-04-30 23:25:39 PM com.yovya.diytomcat.Bootstrap method:logJVM line:com.yovya.diytomcat.Bootstrap.logJVM(Bootstrap.java:133)
INFO :Architecture:		x86_64
main:8  2021-04-30 23:25:39 PM com.yovya.diytomcat.Bootstrap method:logJVM line:com.yovya.diytomcat.Bootstrap.logJVM(Bootstrap.java:133)
INFO :Java Home:		/Library/Java/JavaVirtualMachines/jdk1.8.0_281.jdk/Contents/Home/jre
main:8  2021-04-30 23:25:39 PM com.yovya.diytomcat.Bootstrap method:logJVM line:com.yovya.diytomcat.Bootstrap.logJVM(Bootstrap.java:133)
INFO :JVM Version:		1.8.0_281-b09
main:8  2021-04-30 23:25:39 PM com.yovya.diytomcat.Bootstrap method:logJVM line:com.yovya.diytomcat.Bootstrap.logJVM(Bootstrap.java:133)
INFO :JVM Vendor:		Oracle Corporation
main:0  2021-04-30 23:26:22 PM com.yovya.diytomcat.Bootstrap method:logJVM line:com.yovya.diytomcat.Bootstrap.logJVM(Bootstrap.java:133)
INFO :Server version:		How2J DiyTomcat/1.0.1
main:4  2021-04-30 23:26:22 PM com.yovya.diytomcat.Bootstrap method:logJVM line:com.yovya.diytomcat.Bootstrap.logJVM(Bootstrap.java:133)
INFO :Server built:		2020-04-08 10:20:22
main:5  2021-04-30 23:26:22 PM com.yovya.diytomcat.Bootstrap method:logJVM line:com.yovya.diytomcat.Bootstrap.logJVM(Bootstrap.java:133)
INFO :Server number:		1.0.1
main:5  2021-04-30 23:26:22 PM com.yovya.diytomcat.Bootstrap method:logJVM line:com.yovya.diytomcat.Bootstrap.logJVM(Bootstrap.java:133)
INFO :OS Name	:		Mac OS X
main:5  2021-04-30 23:26:22 PM com.yovya.diytomcat.Bootstrap method:logJVM line:com.yovya.diytomcat.Bootstrap.logJVM(Bootstrap.java:133)
INFO :OS Version:		10.16
main:5  2021-04-30 23:26:22 PM com.yovya.diytomcat.Bootstrap method:logJVM line:com.yovya.diytomcat.Bootstrap.logJVM(Bootstrap.java:133)
INFO :Architecture:		x86_64
main:10  2021-04-30 23:26:22 PM com.yovya.diytomcat.Bootstrap method:logJVM line:com.yovya.diytomcat.Bootstrap.logJVM(Bootstrap.java:133)
INFO :Java Home:		/Library/Java/JavaVirtualMachines/jdk1.8.0_281.jdk/Contents/Home/jre
main:11  2021-04-30 23:26:22 PM com.yovya.diytomcat.Bootstrap method:logJVM line:com.yovya.diytomcat.Bootstrap.logJVM(Bootstrap.java:133)
INFO :JVM Version:		1.8.0_281-b09
main:12  2021-04-30 23:26:22 PM com.yovya.diytomcat.Bootstrap method:logJVM line:com.yovya.diytomcat.Bootstrap.logJVM(Bootstrap.java:133)
INFO :JVM Vendor:		Oracle Corporation
main:0  2021-04-30 23:29:48 PM com.yovya.diytomcat.Bootstrap method:logJVM line:com.yovya.diytomcat.Bootstrap.logJVM(Bootstrap.java:134)
INFO :Server version:		How2J DiyTomcat/1.0.1
main:3  2021-04-30 23:29:48 PM com.yovya.diytomcat.Bootstrap method:logJVM line:com.yovya.diytomcat.Bootstrap.logJVM(Bootstrap.java:134)
INFO :Server built:		2020-04-08 10:20:22
main:3  2021-04-30 23:29:48 PM com.yovya.diytomcat.Bootstrap method:logJVM line:com.yovya.diytomcat.Bootstrap.logJVM(Bootstrap.java:134)
INFO :Server number:		1.0.1
main:3  2021-04-30 23:29:48 PM com.yovya.diytomcat.Bootstrap method:logJVM line:com.yovya.diytomcat.Bootstrap.logJVM(Bootstrap.java:134)
INFO :OS Name	:		Mac OS X
main:4  2021-04-30 23:29:48 PM com.yovya.diytomcat.Bootstrap method:logJVM line:com.yovya.diytomcat.Bootstrap.logJVM(Bootstrap.java:134)
INFO :OS Version:		10.16
main:4  2021-04-30 23:29:48 PM com.yovya.diytomcat.Bootstrap method:logJVM line:com.yovya.diytomcat.Bootstrap.logJVM(Bootstrap.java:134)
INFO :Architecture:		x86_64
main:7  2021-04-30 23:29:48 PM com.yovya.diytomcat.Bootstrap method:logJVM line:com.yovya.diytomcat.Bootstrap.logJVM(Bootstrap.java:134)
INFO :Java Home:		/Library/Java/JavaVirtualMachines/jdk1.8.0_281.jdk/Contents/Home/jre
main:8  2021-04-30 23:29:48 PM com.yovya.diytomcat.Bootstrap method:logJVM line:com.yovya.diytomcat.Bootstrap.logJVM(Bootstrap.java:134)
INFO :JVM Version:		1.8.0_281-b09
main:8  2021-04-30 23:29:48 PM com.yovya.diytomcat.Bootstrap method:logJVM line:com.yovya.diytomcat.Bootstrap.logJVM(Bootstrap.java:134)
INFO :JVM Vendor:		Oracle Corporation
