main:0  2021-05-09 17:11:27 PM com.yovya.diytomcat.catalina.Server method:logJVM line:com.yovya.diytomcat.catalina.Server.logJVM(Server.java:158)
INFO :Server version:		How2J DiyTomcat/1.0.1
main:4  2021-05-09 17:11:27 PM com.yovya.diytomcat.catalina.Server method:logJVM line:com.yovya.diytomcat.catalina.Server.logJVM(Server.java:158)
INFO :Server built:		2020-04-08 10:20:22
main:4  2021-05-09 17:11:27 PM com.yovya.diytomcat.catalina.Server method:logJVM line:com.yovya.diytomcat.catalina.Server.logJVM(Server.java:158)
INFO :Server number:		1.0.1
main:5  2021-05-09 17:11:27 PM com.yovya.diytomcat.catalina.Server method:logJVM line:com.yovya.diytomcat.catalina.Server.logJVM(Server.java:158)
INFO :OS Name	:		Mac OS X
main:8  2021-05-09 17:11:27 PM com.yovya.diytomcat.catalina.Server method:logJVM line:com.yovya.diytomcat.catalina.Server.logJVM(Server.java:158)
INFO :OS Version:		10.16
main:8  2021-05-09 17:11:27 PM com.yovya.diytomcat.catalina.Server method:logJVM line:com.yovya.diytomcat.catalina.Server.logJVM(Server.java:158)
INFO :Architecture:		x86_64
main:9  2021-05-09 17:11:27 PM com.yovya.diytomcat.catalina.Server method:logJVM line:com.yovya.diytomcat.catalina.Server.logJVM(Server.java:158)
INFO :Java Home:		/Library/Java/JavaVirtualMachines/jdk1.8.0_281.jdk/Contents/Home/jre
main:9  2021-05-09 17:11:27 PM com.yovya.diytomcat.catalina.Server method:logJVM line:com.yovya.diytomcat.catalina.Server.logJVM(Server.java:158)
INFO :JVM Version:		1.8.0_281-b09
main:9  2021-05-09 17:11:27 PM com.yovya.diytomcat.catalina.Server method:logJVM line:com.yovya.diytomcat.catalina.Server.logJVM(Server.java:158)
INFO :JVM Vendor:		Oracle Corporation
pool-1-thread-1:44516  2021-05-09 17:12:11 PM com.yovya.diytomcat.catalina.Server$1 method:error line:cn.hutool.log.AbstractLog.error(AbstractLog.java:59)
ERROR:a deliberately thrown error
java.lang.RuntimeException: a deliberately thrown error
	at com.yovya.diytomcat.catalina.Server$1.run(Server.java:65)
	at java.util.concurrent.ThreadPoolExecutor.runWorker(ThreadPoolExecutor.java:1149)
	at java.util.concurrent.ThreadPoolExecutor$Worker.run(ThreadPoolExecutor.java:624)
	at java.lang.Thread.run(Thread.java:748)
main:0  2021-05-09 17:14:34 PM com.yovya.diytomcat.catalina.Server method:logJVM line:com.yovya.diytomcat.catalina.Server.logJVM(Server.java:159)
INFO :Server version:		How2J DiyTomcat/1.0.1
main:3  2021-05-09 17:14:34 PM com.yovya.diytomcat.catalina.Server method:logJVM line:com.yovya.diytomcat.catalina.Server.logJVM(Server.java:159)
INFO :Server built:		2020-04-08 10:20:22
main:4  2021-05-09 17:14:34 PM com.yovya.diytomcat.catalina.Server method:logJVM line:com.yovya.diytomcat.catalina.Server.logJVM(Server.java:159)
INFO :Server number:		1.0.1
main:4  2021-05-09 17:14:34 PM com.yovya.diytomcat.catalina.Server method:logJVM line:com.yovya.diytomcat.catalina.Server.logJVM(Server.java:159)
INFO :OS Name	:		Mac OS X
main:7  2021-05-09 17:14:34 PM com.yovya.diytomcat.catalina.Server method:logJVM line:com.yovya.diytomcat.catalina.Server.logJVM(Server.java:159)
INFO :OS Version:		10.16
main:7  2021-05-09 17:14:34 PM com.yovya.diytomcat.catalina.Server method:logJVM line:com.yovya.diytomcat.catalina.Server.logJVM(Server.java:159)
INFO :Architecture:		x86_64
main:7  2021-05-09 17:14:34 PM com.yovya.diytomcat.catalina.Server method:logJVM line:com.yovya.diytomcat.catalina.Server.logJVM(Server.java:159)
INFO :Java Home:		/Library/Java/JavaVirtualMachines/jdk1.8.0_281.jdk/Contents/Home/jre
main:7  2021-05-09 17:14:34 PM com.yovya.diytomcat.catalina.Server method:logJVM line:com.yovya.diytomcat.catalina.Server.logJVM(Server.java:159)
INFO :JVM Version:		1.8.0_281-b09
main:8  2021-05-09 17:14:34 PM com.yovya.diytomcat.catalina.Server method:logJVM line:com.yovya.diytomcat.catalina.Server.logJVM(Server.java:159)
INFO :JVM Vendor:		Oracle Corporation
pool-1-thread-1:10993  2021-05-09 17:14:45 PM com.yovya.diytomcat.catalina.Server$1 method:error line:cn.hutool.log.AbstractLog.error(AbstractLog.java:59)
ERROR:a deliberately thrown error
java.lang.RuntimeException: a deliberately thrown error
	at com.yovya.diytomcat.catalina.Server$1.run(Server.java:65)
	at java.util.concurrent.ThreadPoolExecutor.runWorker(ThreadPoolExecutor.java:1149)
	at java.util.concurrent.ThreadPoolExecutor$Worker.run(ThreadPoolExecutor.java:624)
	at java.lang.Thread.run(Thread.java:748)
main:0  2021-05-09 17:19:37 PM com.yovya.diytomcat.catalina.Server method:logJVM line:com.yovya.diytomcat.catalina.Server.logJVM(Server.java:158)
INFO :Server version:		How2J DiyTomcat/1.0.1
main:3  2021-05-09 17:19:37 PM com.yovya.diytomcat.catalina.Server method:logJVM line:com.yovya.diytomcat.catalina.Server.logJVM(Server.java:158)
INFO :Server built:		2020-04-08 10:20:22
main:3  2021-05-09 17:19:37 PM com.yovya.diytomcat.catalina.Server method:logJVM line:com.yovya.diytomcat.catalina.Server.logJVM(Server.java:158)
INFO :Server number:		1.0.1
main:4  2021-05-09 17:19:37 PM com.yovya.diytomcat.catalina.Server method:logJVM line:com.yovya.diytomcat.catalina.Server.logJVM(Server.java:158)
INFO :OS Name	:		Mac OS X
main:6  2021-05-09 17:19:37 PM com.yovya.diytomcat.catalina.Server method:logJVM line:com.yovya.diytomcat.catalina.Server.logJVM(Server.java:158)
INFO :OS Version:		10.16
main:7  2021-05-09 17:19:37 PM com.yovya.diytomcat.catalina.Server method:logJVM line:com.yovya.diytomcat.catalina.Server.logJVM(Server.java:158)
INFO :Architecture:		x86_64
main:7  2021-05-09 17:19:37 PM com.yovya.diytomcat.catalina.Server method:logJVM line:com.yovya.diytomcat.catalina.Server.logJVM(Server.java:158)
INFO :Java Home:		/Library/Java/JavaVirtualMachines/jdk1.8.0_281.jdk/Contents/Home/jre
main:7  2021-05-09 17:19:37 PM com.yovya.diytomcat.catalina.Server method:logJVM line:com.yovya.diytomcat.catalina.Server.logJVM(Server.java:158)
INFO :JVM Version:		1.8.0_281-b09
main:8  2021-05-09 17:19:37 PM com.yovya.diytomcat.catalina.Server method:logJVM line:com.yovya.diytomcat.catalina.Server.logJVM(Server.java:158)
INFO :JVM Vendor:		Oracle Corporation
pool-1-thread-1:9424  2021-05-09 17:19:46 PM com.yovya.diytomcat.catalina.Server$1 method:error line:cn.hutool.log.AbstractLog.error(AbstractLog.java:59)
ERROR:a deliberately thrown error
java.lang.RuntimeException: a deliberately thrown error
	at com.yovya.diytomcat.catalina.Server$1.run(Server.java:65)
	at java.util.concurrent.ThreadPoolExecutor.runWorker(ThreadPoolExecutor.java:1149)
	at java.util.concurrent.ThreadPoolExecutor$Worker.run(ThreadPoolExecutor.java:624)
	at java.lang.Thread.run(Thread.java:748)
main:0  2021-05-09 17:20:46 PM com.yovya.diytomcat.catalina.Server method:logJVM line:com.yovya.diytomcat.catalina.Server.logJVM(Server.java:157)
INFO :Server version:		How2J DiyTomcat/1.0.1
main:2  2021-05-09 17:20:46 PM com.yovya.diytomcat.catalina.Server method:logJVM line:com.yovya.diytomcat.catalina.Server.logJVM(Server.java:157)
INFO :Server built:		2020-04-08 10:20:22
main:2  2021-05-09 17:20:46 PM com.yovya.diytomcat.catalina.Server method:logJVM line:com.yovya.diytomcat.catalina.Server.logJVM(Server.java:157)
INFO :Server number:		1.0.1
main:2  2021-05-09 17:20:46 PM com.yovya.diytomcat.catalina.Server method:logJVM line:com.yovya.diytomcat.catalina.Server.logJVM(Server.java:157)
INFO :OS Name	:		Mac OS X
main:4  2021-05-09 17:20:46 PM com.yovya.diytomcat.catalina.Server method:logJVM line:com.yovya.diytomcat.catalina.Server.logJVM(Server.java:157)
INFO :OS Version:		10.16
main:5  2021-05-09 17:20:46 PM com.yovya.diytomcat.catalina.Server method:logJVM line:com.yovya.diytomcat.catalina.Server.logJVM(Server.java:157)
INFO :Architecture:		x86_64
main:5  2021-05-09 17:20:46 PM com.yovya.diytomcat.catalina.Server method:logJVM line:com.yovya.diytomcat.catalina.Server.logJVM(Server.java:157)
INFO :Java Home:		/Library/Java/JavaVirtualMachines/jdk1.8.0_281.jdk/Contents/Home/jre
main:5  2021-05-09 17:20:46 PM com.yovya.diytomcat.catalina.Server method:logJVM line:com.yovya.diytomcat.catalina.Server.logJVM(Server.java:157)
INFO :JVM Version:		1.8.0_281-b09
main:6  2021-05-09 17:20:46 PM com.yovya.diytomcat.catalina.Server method:logJVM line:com.yovya.diytomcat.catalina.Server.logJVM(Server.java:157)
INFO :JVM Vendor:		Oracle Corporation
pool-1-thread-1:4233  2021-05-09 17:20:50 PM com.yovya.diytomcat.catalina.Server$1 method:error line:cn.hutool.log.AbstractLog.error(AbstractLog.java:59)
ERROR:a deliberately thrown error
java.lang.RuntimeException: a deliberately thrown error
	at com.yovya.diytomcat.catalina.Server$1.run(Server.java:65)
	at java.util.concurrent.ThreadPoolExecutor.runWorker(ThreadPoolExecutor.java:1149)
	at java.util.concurrent.ThreadPoolExecutor$Worker.run(ThreadPoolExecutor.java:624)
	at java.lang.Thread.run(Thread.java:748)
