main:0  2021-05-03 23:46:02 PM com.yovya.diytomcat.Bootstrap method:logJVM line:com.yovya.diytomcat.Bootstrap.logJVM(Bootstrap.java:124)
INFO :Server version:		How2J DiyTomcat/1.0.1
main:5  2021-05-03 23:46:02 PM com.yovya.diytomcat.Bootstrap method:logJVM line:com.yovya.diytomcat.Bootstrap.logJVM(Bootstrap.java:124)
INFO :Server built:		2020-04-08 10:20:22
main:5  2021-05-03 23:46:02 PM com.yovya.diytomcat.Bootstrap method:logJVM line:com.yovya.diytomcat.Bootstrap.logJVM(Bootstrap.java:124)
INFO :Server number:		1.0.1
main:6  2021-05-03 23:46:02 PM com.yovya.diytomcat.Bootstrap method:logJVM line:com.yovya.diytomcat.Bootstrap.logJVM(Bootstrap.java:124)
INFO :OS Name	:		Mac OS X
main:6  2021-05-03 23:46:02 PM com.yovya.diytomcat.Bootstrap method:logJVM line:com.yovya.diytomcat.Bootstrap.logJVM(Bootstrap.java:124)
INFO :OS Version:		10.16
main:7  2021-05-03 23:46:02 PM com.yovya.diytomcat.Bootstrap method:logJVM line:com.yovya.diytomcat.Bootstrap.logJVM(Bootstrap.java:124)
INFO :Architecture:		x86_64
main:10  2021-05-03 23:46:02 PM com.yovya.diytomcat.Bootstrap method:logJVM line:com.yovya.diytomcat.Bootstrap.logJVM(Bootstrap.java:124)
INFO :Java Home:		/Library/Java/JavaVirtualMachines/jdk1.8.0_281.jdk/Contents/Home/jre
main:11  2021-05-03 23:46:02 PM com.yovya.diytomcat.Bootstrap method:logJVM line:com.yovya.diytomcat.Bootstrap.logJVM(Bootstrap.java:124)
INFO :JVM Version:		1.8.0_281-b09
main:11  2021-05-03 23:46:02 PM com.yovya.diytomcat.Bootstrap method:logJVM line:com.yovya.diytomcat.Bootstrap.logJVM(Bootstrap.java:124)
INFO :JVM Vendor:		Oracle Corporation
pool-1-thread-1:22351  2021-05-03 23:46:24 PM com.yovya.diytomcat.Bootstrap$1 method:error line:cn.hutool.log.AbstractLog.error(AbstractLog.java:59)
ERROR:File not exist: /Users/love/Documents/owndata/new_starter/diytomcat/webapps/A/index.html
cn.hutool.core.io.IORuntimeException: File not exist: /Users/love/Documents/owndata/new_starter/diytomcat/webapps/A/index.html
	at cn.hutool.core.io.file.FileReader.checkFile(FileReader.java:287)
	at cn.hutool.core.io.file.FileReader.<init>(FileReader.java:56)
	at cn.hutool.core.io.file.FileReader.create(FileReader.java:36)
	at cn.hutool.core.io.FileUtil.readString(FileUtil.java:2025)
	at cn.hutool.core.io.FileUtil.readString(FileUtil.java:2049)
	at cn.hutool.core.io.FileUtil.readUtf8String(FileUtil.java:2001)
	at com.yovya.diytomcat.Bootstrap$1.run(Bootstrap.java:53)
	at java.util.concurrent.ThreadPoolExecutor.runWorker(ThreadPoolExecutor.java:1149)
	at java.util.concurrent.ThreadPoolExecutor$Worker.run(ThreadPoolExecutor.java:624)
	at java.lang.Thread.run(Thread.java:748)
main:0  2021-05-03 23:48:33 PM com.yovya.diytomcat.Util method:main line:com.yovya.diytomcat.Util.main(Util.java:23)
INFO :xx
main:0  2021-05-03 23:49:49 PM com.yovya.diytomcat.Bootstrap method:logJVM line:com.yovya.diytomcat.Bootstrap.logJVM(Bootstrap.java:124)
INFO :Server version:		How2J DiyTomcat/1.0.1
main:4  2021-05-03 23:49:49 PM com.yovya.diytomcat.Bootstrap method:logJVM line:com.yovya.diytomcat.Bootstrap.logJVM(Bootstrap.java:124)
INFO :Server built:		2020-04-08 10:20:22
main:5  2021-05-03 23:49:49 PM com.yovya.diytomcat.Bootstrap method:logJVM line:com.yovya.diytomcat.Bootstrap.logJVM(Bootstrap.java:124)
INFO :Server number:		1.0.1
main:5  2021-05-03 23:49:49 PM com.yovya.diytomcat.Bootstrap method:logJVM line:com.yovya.diytomcat.Bootstrap.logJVM(Bootstrap.java:124)
INFO :OS Name	:		Mac OS X
main:5  2021-05-03 23:49:49 PM com.yovya.diytomcat.Bootstrap method:logJVM line:com.yovya.diytomcat.Bootstrap.logJVM(Bootstrap.java:124)
INFO :OS Version:		10.16
main:6  2021-05-03 23:49:49 PM com.yovya.diytomcat.Bootstrap method:logJVM line:com.yovya.diytomcat.Bootstrap.logJVM(Bootstrap.java:124)
INFO :Architecture:		x86_64
main:12  2021-05-03 23:49:49 PM com.yovya.diytomcat.Bootstrap method:logJVM line:com.yovya.diytomcat.Bootstrap.logJVM(Bootstrap.java:124)
INFO :Java Home:		/Library/Java/JavaVirtualMachines/jdk1.8.0_281.jdk/Contents/Home/jre
main:12  2021-05-03 23:49:49 PM com.yovya.diytomcat.Bootstrap method:logJVM line:com.yovya.diytomcat.Bootstrap.logJVM(Bootstrap.java:124)
INFO :JVM Version:		1.8.0_281-b09
main:12  2021-05-03 23:49:49 PM com.yovya.diytomcat.Bootstrap method:logJVM line:com.yovya.diytomcat.Bootstrap.logJVM(Bootstrap.java:124)
INFO :JVM Vendor:		Oracle Corporation
pool-1-thread-1:32224  2021-05-03 23:50:21 PM com.yovya.diytomcat.Bootstrap$1 method:error line:cn.hutool.log.AbstractLog.error(AbstractLog.java:59)
ERROR:File not exist: /Users/love/Documents/owndata/new_starter/diytomcat/webapps/A/index.html
cn.hutool.core.io.IORuntimeException: File not exist: /Users/love/Documents/owndata/new_starter/diytomcat/webapps/A/index.html
	at cn.hutool.core.io.file.FileReader.checkFile(FileReader.java:287)
	at cn.hutool.core.io.file.FileReader.<init>(FileReader.java:56)
	at cn.hutool.core.io.file.FileReader.create(FileReader.java:36)
	at cn.hutool.core.io.FileUtil.readString(FileUtil.java:2025)
	at cn.hutool.core.io.FileUtil.readString(FileUtil.java:2049)
	at cn.hutool.core.io.FileUtil.readUtf8String(FileUtil.java:2001)
	at com.yovya.diytomcat.Bootstrap$1.run(Bootstrap.java:53)
	at java.util.concurrent.ThreadPoolExecutor.runWorker(ThreadPoolExecutor.java:1149)
	at java.util.concurrent.ThreadPoolExecutor$Worker.run(ThreadPoolExecutor.java:624)
	at java.lang.Thread.run(Thread.java:748)
main:0  2021-05-03 23:50:44 PM com.yovya.diytomcat.Util method:main line:com.yovya.diytomcat.Util.main(Util.java:23)
INFO :xx
main:0  2021-05-03 23:51:15 PM com.yovya.diytomcat.Bootstrap method:logJVM line:com.yovya.diytomcat.Bootstrap.logJVM(Bootstrap.java:124)
INFO :Server version:		How2J DiyTomcat/1.0.1
main:3  2021-05-03 23:51:15 PM com.yovya.diytomcat.Bootstrap method:logJVM line:com.yovya.diytomcat.Bootstrap.logJVM(Bootstrap.java:124)
INFO :Server built:		2020-04-08 10:20:22
main:3  2021-05-03 23:51:15 PM com.yovya.diytomcat.Bootstrap method:logJVM line:com.yovya.diytomcat.Bootstrap.logJVM(Bootstrap.java:124)
INFO :Server number:		1.0.1
main:4  2021-05-03 23:51:15 PM com.yovya.diytomcat.Bootstrap method:logJVM line:com.yovya.diytomcat.Bootstrap.logJVM(Bootstrap.java:124)
INFO :OS Name	:		Mac OS X
main:4  2021-05-03 23:51:15 PM com.yovya.diytomcat.Bootstrap method:logJVM line:com.yovya.diytomcat.Bootstrap.logJVM(Bootstrap.java:124)
INFO :OS Version:		10.16
main:4  2021-05-03 23:51:15 PM com.yovya.diytomcat.Bootstrap method:logJVM line:com.yovya.diytomcat.Bootstrap.logJVM(Bootstrap.java:124)
INFO :Architecture:		x86_64
main:7  2021-05-03 23:51:15 PM com.yovya.diytomcat.Bootstrap method:logJVM line:com.yovya.diytomcat.Bootstrap.logJVM(Bootstrap.java:124)
INFO :Java Home:		/Library/Java/JavaVirtualMachines/jdk1.8.0_281.jdk/Contents/Home/jre
main:8  2021-05-03 23:51:15 PM com.yovya.diytomcat.Bootstrap method:logJVM line:com.yovya.diytomcat.Bootstrap.logJVM(Bootstrap.java:124)
INFO :JVM Version:		1.8.0_281-b09
main:8  2021-05-03 23:51:15 PM com.yovya.diytomcat.Bootstrap method:logJVM line:com.yovya.diytomcat.Bootstrap.logJVM(Bootstrap.java:124)
INFO :JVM Vendor:		Oracle Corporation
