main:0  2021-05-06 09:48:46 AM com.yovya.diytomcat.Bootstrap method:logJVM line:com.yovya.diytomcat.Bootstrap.logJVM(Bootstrap.java:104)
INFO :Server version:		How2J DiyTomcat/1.0.1
main:5  2021-05-06 09:48:46 AM com.yovya.diytomcat.Bootstrap method:logJVM line:com.yovya.diytomcat.Bootstrap.logJVM(Bootstrap.java:104)
INFO :Server built:		2020-04-08 10:20:22
main:6  2021-05-06 09:48:46 AM com.yovya.diytomcat.Bootstrap method:logJVM line:com.yovya.diytomcat.Bootstrap.logJVM(Bootstrap.java:104)
INFO :Server number:		1.0.1
main:6  2021-05-06 09:48:46 AM com.yovya.diytomcat.Bootstrap method:logJVM line:com.yovya.diytomcat.Bootstrap.logJVM(Bootstrap.java:104)
INFO :OS Name	:		Mac OS X
main:6  2021-05-06 09:48:46 AM com.yovya.diytomcat.Bootstrap method:logJVM line:com.yovya.diytomcat.Bootstrap.logJVM(Bootstrap.java:104)
INFO :OS Version:		10.16
main:7  2021-05-06 09:48:46 AM com.yovya.diytomcat.Bootstrap method:logJVM line:com.yovya.diytomcat.Bootstrap.logJVM(Bootstrap.java:104)
INFO :Architecture:		x86_64
main:9  2021-05-06 09:48:46 AM com.yovya.diytomcat.Bootstrap method:logJVM line:com.yovya.diytomcat.Bootstrap.logJVM(Bootstrap.java:104)
INFO :Java Home:		/Library/Java/JavaVirtualMachines/jdk1.8.0_281.jdk/Contents/Home/jre
main:10  2021-05-06 09:48:46 AM com.yovya.diytomcat.Bootstrap method:logJVM line:com.yovya.diytomcat.Bootstrap.logJVM(Bootstrap.java:104)
INFO :JVM Version:		1.8.0_281-b09
main:10  2021-05-06 09:48:46 AM com.yovya.diytomcat.Bootstrap method:logJVM line:com.yovya.diytomcat.Bootstrap.logJVM(Bootstrap.java:104)
INFO :JVM Vendor:		Oracle Corporation
main:0  2021-05-06 11:23:53 AM com.yovya.diytomcat.Bootstrap method:logJVM line:com.yovya.diytomcat.Bootstrap.logJVM(Bootstrap.java:104)
INFO :Server version:		How2J DiyTomcat/1.0.1
main:4  2021-05-06 11:23:53 AM com.yovya.diytomcat.Bootstrap method:logJVM line:com.yovya.diytomcat.Bootstrap.logJVM(Bootstrap.java:104)
INFO :Server built:		2020-04-08 10:20:22
main:4  2021-05-06 11:23:53 AM com.yovya.diytomcat.Bootstrap method:logJVM line:com.yovya.diytomcat.Bootstrap.logJVM(Bootstrap.java:104)
INFO :Server number:		1.0.1
main:5  2021-05-06 11:23:53 AM com.yovya.diytomcat.Bootstrap method:logJVM line:com.yovya.diytomcat.Bootstrap.logJVM(Bootstrap.java:104)
INFO :OS Name	:		Mac OS X
main:5  2021-05-06 11:23:53 AM com.yovya.diytomcat.Bootstrap method:logJVM line:com.yovya.diytomcat.Bootstrap.logJVM(Bootstrap.java:104)
INFO :OS Version:		10.16
main:6  2021-05-06 11:23:53 AM com.yovya.diytomcat.Bootstrap method:logJVM line:com.yovya.diytomcat.Bootstrap.logJVM(Bootstrap.java:104)
INFO :Architecture:		x86_64
main:10  2021-05-06 11:23:53 AM com.yovya.diytomcat.Bootstrap method:logJVM line:com.yovya.diytomcat.Bootstrap.logJVM(Bootstrap.java:104)
INFO :Java Home:		/Library/Java/JavaVirtualMachines/jdk1.8.0_281.jdk/Contents/Home/jre
main:10  2021-05-06 11:23:53 AM com.yovya.diytomcat.Bootstrap method:logJVM line:com.yovya.diytomcat.Bootstrap.logJVM(Bootstrap.java:104)
INFO :JVM Version:		1.8.0_281-b09
main:11  2021-05-06 11:23:53 AM com.yovya.diytomcat.Bootstrap method:logJVM line:com.yovya.diytomcat.Bootstrap.logJVM(Bootstrap.java:104)
INFO :JVM Vendor:		Oracle Corporation
